2022-05-31 11:29:12
{
  "classifier": "TextCNN",
  "pretrained": "bert-base-chinese",
  "train_file": "data/train_dataset_ch.xlsx",
  "val_file": "",
  "test_file": "data/test_dataset_ch.xlsx",
  "embedding_method": "",
  "token_level": "word",
  "stop_words": true,
  "embedding_dim": 300,
  "token_file": "data/word-token2id-ch",
  "classes": [
    "泛财经",
    "创业",
    "美女",
    "鸡汤",
    "数字货币",
    "储蓄",
    "基金",
    "保险",
    "财经段子",
    "移民",
    "留学",
    "股票-技术面分析",
    "税务",
    "股票-其他",
    "房产",
    "股票-行业分析",
    "外汇",
    "股票-基本面分析",
    "其它"
  ],
  "checkpoints_dir": "model/textcnn-ch-focal-0531",
  "checkpoint_name": "textcnn-ch",
  "num_filters": 64,
  "learning_rate": 0.0005,
  "optimizer": "Adam",
  "epoch": 100,
  "max_to_keep": 1,
  "print_per_batch": 100,
  "is_early_stop": true,
  "use_attention": false,
  "attention_size": 300,
  "patient": 10,
  "batch_size": 256,
  "max_sequence_length": 300,
  "dropout_rate": 0.2,
  "hidden_dim": 256,
  "encoder_num": 1,
  "head_num": 12,
  "metrics_average": "micro",
  "use_focal_loss": true,
  "use_gan": false,
  "gan_method": "pgd",
  "attack_round": 3,
  "use_r_drop": false
}
vocab files not exist...
dataManager initialed...
mode: train_classifier
model: TextCNN
generate validation dataset...
loading data...
loading data...
++++++++++++++++++++training starting++++++++++++++++++++

epoch:1/100
start evaluate engines...

股票-其他: {'precision': 0.15746753246753248, 'recall': 1.0, 'f1-score': 0.2720897615708275, 'support': 97}
loss: 0.599 precision: 0.157 recall: 1.000 f1: 0.272 
time consumption:0.40(min)
saved the new best model with f1: 0.272

epoch:2/100
start evaluate engines...

基金: {'precision': 0.926829268292683, 'recall': 0.7169811320754716, 'f1-score': 0.8085106382978724, 'support': 53}
股票-其他: {'precision': 0.16753926701570682, 'recall': 0.9896907216494846, 'f1-score': 0.2865671641791045, 'support': 97}
房产: {'precision': 0.5, 'recall': 0.027777777777777776, 'f1-score': 0.05263157894736842, 'support': 36}
loss: 0.546 precision: 0.219 recall: 0.726 f1: 0.337 
time consumption:0.41(min)
saved the new best model with f1: 0.337

epoch:3/100
start evaluate engines...

泛财经: {'precision': 0.0, 'recall': 0.0, 'f1-score': 0.0, 'support': 59}
鸡汤: {'precision': 0.3333333333333333, 'recall': 0.22857142857142856, 'f1-score': 0.2711864406779661, 'support': 35}
基金: {'precision': 0.9361702127659575, 'recall': 0.8301886792452831, 'f1-score': 0.88, 'support': 53}
移民: {'precision': 0.7380952380952381, 'recall': 0.8157894736842105, 'f1-score': 0.775, 'support': 38}
股票-其他: {'precision': 0.20512820512820512, 'recall': 0.9896907216494846, 'f1-score': 0.3398230088495575, 'support': 97}
房产: {'precision': 0.8260869565217391, 'recall': 0.5277777777777778, 'f1-score': 0.6440677966101694, 'support': 36}
股票-行业分析: {'precision': 1.0, 'recall': 0.11666666666666667, 'f1-score': 0.208955223880597, 'support': 60}
loss: 0.465 precision: 0.333 recall: 0.542 f1: 0.412 
time consumption:0.42(min)
saved the new best model with f1: 0.412

epoch:4/100
start evaluate engines...

泛财经: {'precision': 0.19205298013245034, 'recall': 0.4915254237288136, 'f1-score': 0.2761904761904762, 'support': 59}
创业: {'precision': 0.6, 'recall': 0.3, 'f1-score': 0.4, 'support': 30}
美女: {'precision': 1.0, 'recall': 0.6666666666666666, 'f1-score': 0.8, 'support': 6}
鸡汤: {'precision': 0.4666666666666667, 'recall': 0.2, 'f1-score': 0.27999999999999997, 'support': 35}
储蓄: {'precision': 1.0, 'recall': 0.07692307692307693, 'f1-score': 0.14285714285714288, 'support': 26}
基金: {'precision': 0.9387755102040817, 'recall': 0.8679245283018868, 'f1-score': 0.9019607843137256, 'support': 53}
保险: {'precision': 1.0, 'recall': 0.08, 'f1-score': 0.14814814814814814, 'support': 25}
财经段子: {'precision': 0.8333333333333334, 'recall': 0.18518518518518517, 'f1-score': 0.303030303030303, 'support': 27}
移民: {'precision': 0.6181818181818182, 'recall': 0.8947368421052632, 'f1-score': 0.7311827956989247, 'support': 38}
股票-技术面分析: {'precision': 1.0, 'recall': 0.13043478260869565, 'f1-score': 0.23076923076923078, 'support': 46}
股票-其他: {'precision': 0.3940677966101695, 'recall': 0.9587628865979382, 'f1-score': 0.5585585585585585, 'support': 97}
房产: {'precision': 0.7941176470588235, 'recall': 0.75, 'f1-score': 0.7714285714285715, 'support': 36}
股票-行业分析: {'precision': 0.7560975609756098, 'recall': 0.5166666666666667, 'f1-score': 0.6138613861386139, 'support': 60}
loss: 0.374 precision: 0.479 recall: 0.548 f1: 0.511 
time consumption:0.44(min)
saved the new best model with f1: 0.511

epoch:5/100
start evaluate engines...

泛财经: {'precision': 0.18857142857142858, 'recall': 0.559322033898305, 'f1-score': 0.28205128205128205, 'support': 59}
创业: {'precision': 0.5882352941176471, 'recall': 0.3333333333333333, 'f1-score': 0.42553191489361697, 'support': 30}
美女: {'precision': 1.0, 'recall': 0.6666666666666666, 'f1-score': 0.8, 'support': 6}
鸡汤: {'precision': 0.45, 'recall': 0.2571428571428571, 'f1-score': 0.32727272727272727, 'support': 35}
储蓄: {'precision': 1.0, 'recall': 0.23076923076923078, 'f1-score': 0.375, 'support': 26}
基金: {'precision': 0.9375, 'recall': 0.8490566037735849, 'f1-score': 0.8910891089108911, 'support': 53}
保险: {'precision': 0.875, 'recall': 0.56, 'f1-score': 0.6829268292682927, 'support': 25}
财经段子: {'precision': 0.625, 'recall': 0.18518518518518517, 'f1-score': 0.2857142857142857, 'support': 27}
移民: {'precision': 0.7674418604651163, 'recall': 0.868421052631579, 'f1-score': 0.8148148148148148, 'support': 38}
留学: {'precision': 1.0, 'recall': 0.6923076923076923, 'f1-score': 0.8181818181818181, 'support': 13}
股票-技术面分析: {'precision': 0.8387096774193549, 'recall': 0.5652173913043478, 'f1-score': 0.6753246753246753, 'support': 46}
股票-其他: {'precision': 0.5189873417721519, 'recall': 0.845360824742268, 'f1-score': 0.6431372549019607, 'support': 97}
房产: {'precision': 0.8125, 'recall': 0.7222222222222222, 'f1-score': 0.7647058823529411, 'support': 36}
股票-行业分析: {'precision': 0.7755102040816326, 'recall': 0.6333333333333333, 'f1-score': 0.6972477064220183, 'support': 60}
loss: 0.302 precision: 0.552 recall: 0.617 f1: 0.583 
time consumption:0.44(min)
saved the new best model with f1: 0.583

epoch:6/100
start evaluate engines...

泛财经: {'precision': 0.2088607594936709, 'recall': 0.559322033898305, 'f1-score': 0.30414746543778803, 'support': 59}
创业: {'precision': 0.625, 'recall': 0.3333333333333333, 'f1-score': 0.43478260869565216, 'support': 30}
美女: {'precision': 1.0, 'recall': 0.6666666666666666, 'f1-score': 0.8, 'support': 6}
鸡汤: {'precision': 0.5185185185185185, 'recall': 0.4, 'f1-score': 0.45161290322580644, 'support': 35}
储蓄: {'precision': 0.9230769230769231, 'recall': 0.46153846153846156, 'f1-score': 0.6153846153846155, 'support': 26}
基金: {'precision': 0.92, 'recall': 0.8679245283018868, 'f1-score': 0.8932038834951457, 'support': 53}
保险: {'precision': 0.7391304347826086, 'recall': 0.68, 'f1-score': 0.7083333333333334, 'support': 25}
财经段子: {'precision': 0.6111111111111112, 'recall': 0.4074074074074074, 'f1-score': 0.4888888888888889, 'support': 27}
移民: {'precision': 0.7906976744186046, 'recall': 0.8947368421052632, 'f1-score': 0.8395061728395061, 'support': 38}
留学: {'precision': 1.0, 'recall': 0.7692307692307693, 'f1-score': 0.8695652173913044, 'support': 13}
股票-技术面分析: {'precision': 0.7894736842105263, 'recall': 0.6521739130434783, 'f1-score': 0.7142857142857143, 'support': 46}
股票-其他: {'precision': 0.5970149253731343, 'recall': 0.8247422680412371, 'f1-score': 0.6926406926406926, 'support': 97}
房产: {'precision': 0.8125, 'recall': 0.7222222222222222, 'f1-score': 0.7647058823529411, 'support': 36}
股票-行业分析: {'precision': 0.8, 'recall': 0.6666666666666666, 'f1-score': 0.7272727272727272, 'support': 60}
loss: 0.259 precision: 0.596 recall: 0.666 f1: 0.629 
time consumption:0.46(min)
saved the new best model with f1: 0.629

epoch:7/100
start evaluate engines...

泛财经: {'precision': 0.21935483870967742, 'recall': 0.576271186440678, 'f1-score': 0.31775700934579443, 'support': 59}
创业: {'precision': 0.631578947368421, 'recall': 0.4, 'f1-score': 0.4897959183673469, 'support': 30}
美女: {'precision': 1.0, 'recall': 0.6666666666666666, 'f1-score': 0.8, 'support': 6}
鸡汤: {'precision': 0.6206896551724138, 'recall': 0.5142857142857142, 'f1-score': 0.5625, 'support': 35}
储蓄: {'precision': 0.8666666666666667, 'recall': 0.5, 'f1-score': 0.6341463414634146, 'support': 26}
基金: {'precision': 0.9583333333333334, 'recall': 0.8679245283018868, 'f1-score': 0.910891089108911, 'support': 53}
保险: {'precision': 0.7916666666666666, 'recall': 0.76, 'f1-score': 0.7755102040816326, 'support': 25}
财经段子: {'precision': 0.631578947368421, 'recall': 0.4444444444444444, 'f1-score': 0.5217391304347826, 'support': 27}
移民: {'precision': 0.8048780487804879, 'recall': 0.868421052631579, 'f1-score': 0.8354430379746836, 'support': 38}
留学: {'precision': 1.0, 'recall': 0.7692307692307693, 'f1-score': 0.8695652173913044, 'support': 13}
股票-技术面分析: {'precision': 0.8717948717948718, 'recall': 0.7391304347826086, 'f1-score': 0.7999999999999999, 'support': 46}
股票-其他: {'precision': 0.6220472440944882, 'recall': 0.8144329896907216, 'f1-score': 0.7053571428571428, 'support': 97}
房产: {'precision': 0.8181818181818182, 'recall': 0.75, 'f1-score': 0.7826086956521738, 'support': 36}
股票-行业分析: {'precision': 0.84, 'recall': 0.7, 'f1-score': 0.7636363636363636, 'support': 60}
股票-基本面分析: {'precision': 0.3333333333333333, 'recall': 0.05555555555555555, 'f1-score': 0.09523809523809525, 'support': 18}
loss: 0.231 precision: 0.623 recall: 0.675 f1: 0.648 
time consumption:0.44(min)
saved the new best model with f1: 0.648

epoch:8/100
start evaluate engines...

泛财经: {'precision': 0.24324324324324326, 'recall': 0.6101694915254238, 'f1-score': 0.34782608695652173, 'support': 59}
创业: {'precision': 0.65, 'recall': 0.43333333333333335, 'f1-score': 0.5199999999999999, 'support': 30}
美女: {'precision': 1.0, 'recall': 0.6666666666666666, 'f1-score': 0.8, 'support': 6}
鸡汤: {'precision': 0.6551724137931034, 'recall': 0.5428571428571428, 'f1-score': 0.5937499999999999, 'support': 35}
储蓄: {'precision': 0.8823529411764706, 'recall': 0.5769230769230769, 'f1-score': 0.6976744186046512, 'support': 26}
基金: {'precision': 0.9411764705882353, 'recall': 0.9056603773584906, 'f1-score': 0.923076923076923, 'support': 53}
保险: {'precision': 0.7916666666666666, 'recall': 0.76, 'f1-score': 0.7755102040816326, 'support': 25}
财经段子: {'precision': 0.6842105263157895, 'recall': 0.48148148148148145, 'f1-score': 0.5652173913043478, 'support': 27}
移民: {'precision': 0.7954545454545454, 'recall': 0.9210526315789473, 'f1-score': 0.8536585365853658, 'support': 38}
留学: {'precision': 1.0, 'recall': 0.7692307692307693, 'f1-score': 0.8695652173913044, 'support': 13}
股票-技术面分析: {'precision': 0.8571428571428571, 'recall': 0.782608695652174, 'f1-score': 0.8181818181818182, 'support': 46}
股票-其他: {'precision': 0.628099173553719, 'recall': 0.7835051546391752, 'f1-score': 0.6972477064220184, 'support': 97}
房产: {'precision': 0.8484848484848485, 'recall': 0.7777777777777778, 'f1-score': 0.8115942028985507, 'support': 36}
股票-行业分析: {'precision': 0.875, 'recall': 0.7, 'f1-score': 0.7777777777777777, 'support': 60}
外汇: {'precision': 1.0, 'recall': 0.25, 'f1-score': 0.4, 'support': 4}
股票-基本面分析: {'precision': 0.4, 'recall': 0.1111111111111111, 'f1-score': 0.1739130434782609, 'support': 18}
loss: 0.211 precision: 0.644 recall: 0.693 f1: 0.668 
time consumption:0.41(min)
saved the new best model with f1: 0.668

epoch:9/100
start evaluate engines...

泛财经: {'precision': 0.25157232704402516, 'recall': 0.6779661016949152, 'f1-score': 0.3669724770642202, 'support': 59}
创业: {'precision': 0.6842105263157895, 'recall': 0.43333333333333335, 'f1-score': 0.5306122448979592, 'support': 30}
美女: {'precision': 1.0, 'recall': 0.6666666666666666, 'f1-score': 0.8, 'support': 6}
鸡汤: {'precision': 0.7037037037037037, 'recall': 0.5428571428571428, 'f1-score': 0.6129032258064516, 'support': 35}
储蓄: {'precision': 0.8421052631578947, 'recall': 0.6153846153846154, 'f1-score': 0.7111111111111111, 'support': 26}
基金: {'precision': 0.9411764705882353, 'recall': 0.9056603773584906, 'f1-score': 0.923076923076923, 'support': 53}
保险: {'precision': 0.8636363636363636, 'recall': 0.76, 'f1-score': 0.8085106382978724, 'support': 25}
财经段子: {'precision': 0.7, 'recall': 0.5185185185185185, 'f1-score': 0.5957446808510639, 'support': 27}
移民: {'precision': 0.8095238095238095, 'recall': 0.8947368421052632, 'f1-score': 0.8500000000000001, 'support': 38}
留学: {'precision': 1.0, 'recall': 0.6923076923076923, 'f1-score': 0.8181818181818181, 'support': 13}
股票-技术面分析: {'precision': 0.8809523809523809, 'recall': 0.8043478260869565, 'f1-score': 0.8409090909090908, 'support': 46}
股票-其他: {'precision': 0.6551724137931034, 'recall': 0.7835051546391752, 'f1-score': 0.7136150234741783, 'support': 97}
房产: {'precision': 0.875, 'recall': 0.7777777777777778, 'f1-score': 0.823529411764706, 'support': 36}
股票-行业分析: {'precision': 0.8913043478260869, 'recall': 0.6833333333333333, 'f1-score': 0.7735849056603774, 'support': 60}
外汇: {'precision': 0.5, 'recall': 0.25, 'f1-score': 0.3333333333333333, 'support': 4}
股票-基本面分析: {'precision': 0.6, 'recall': 0.16666666666666666, 'f1-score': 0.2608695652173913, 'support': 18}
其它: {'precision': 1.0, 'recall': 0.03571428571428571, 'f1-score': 0.0689655172413793, 'support': 28}
loss: 0.197 precision: 0.654 recall: 0.671 f1: 0.662 
time consumption:0.41(min)

epoch:10/100
start evaluate engines...

泛财经: {'precision': 0.29545454545454547, 'recall': 0.6610169491525424, 'f1-score': 0.4083769633507854, 'support': 59}
创业: {'precision': 0.6842105263157895, 'recall': 0.43333333333333335, 'f1-score': 0.5306122448979592, 'support': 30}
美女: {'precision': 1.0, 'recall': 0.6666666666666666, 'f1-score': 0.8, 'support': 6}
鸡汤: {'precision': 0.7096774193548387, 'recall': 0.6285714285714286, 'f1-score': 0.6666666666666666, 'support': 35}
数字货币: {'precision': 1.0, 'recall': 0.25, 'f1-score': 0.4, 'support': 4}
储蓄: {'precision': 0.8571428571428571, 'recall': 0.6923076923076923, 'f1-score': 0.7659574468085107, 'support': 26}
基金: {'precision': 0.9245283018867925, 'recall': 0.9245283018867925, 'f1-score': 0.9245283018867925, 'support': 53}
保险: {'precision': 0.8695652173913043, 'recall': 0.8, 'f1-score': 0.8333333333333333, 'support': 25}
财经段子: {'precision': 0.6666666666666666, 'recall': 0.5185185185185185, 'f1-score': 0.5833333333333334, 'support': 27}
移民: {'precision': 0.8536585365853658, 'recall': 0.9210526315789473, 'f1-score': 0.8860759493670887, 'support': 38}
留学: {'precision': 1.0, 'recall': 0.7692307692307693, 'f1-score': 0.8695652173913044, 'support': 13}
股票-技术面分析: {'precision': 0.9024390243902439, 'recall': 0.8043478260869565, 'f1-score': 0.8505747126436782, 'support': 46}
股票-其他: {'precision': 0.6576576576576577, 'recall': 0.7525773195876289, 'f1-score': 0.701923076923077, 'support': 97}
房产: {'precision': 0.8333333333333334, 'recall': 0.8333333333333334, 'f1-score': 0.8333333333333334, 'support': 36}
股票-行业分析: {'precision': 0.8461538461538461, 'recall': 0.7333333333333333, 'f1-score': 0.7857142857142856, 'support': 60}
外汇: {'precision': 0.6666666666666666, 'recall': 0.5, 'f1-score': 0.5714285714285715, 'support': 4}
股票-基本面分析: {'precision': 0.5454545454545454, 'recall': 0.3333333333333333, 'f1-score': 0.41379310344827586, 'support': 18}
其它: {'precision': 0.6666666666666666, 'recall': 0.14285714285714285, 'f1-score': 0.23529411764705882, 'support': 28}
loss: 0.185 precision: 0.683 recall: 0.696 f1: 0.690 
time consumption:0.44(min)
saved the new best model with f1: 0.690

epoch:11/100
start evaluate engines...

泛财经: {'precision': 0.296, 'recall': 0.6271186440677966, 'f1-score': 0.40217391304347827, 'support': 59}
创业: {'precision': 0.7, 'recall': 0.4666666666666667, 'f1-score': 0.56, 'support': 30}
美女: {'precision': 1.0, 'recall': 0.6666666666666666, 'f1-score': 0.8, 'support': 6}
鸡汤: {'precision': 0.6774193548387096, 'recall': 0.6, 'f1-score': 0.6363636363636364, 'support': 35}
数字货币: {'precision': 1.0, 'recall': 0.5, 'f1-score': 0.6666666666666666, 'support': 4}
储蓄: {'precision': 0.8636363636363636, 'recall': 0.7307692307692307, 'f1-score': 0.7916666666666666, 'support': 26}
基金: {'precision': 0.9259259259259259, 'recall': 0.9433962264150944, 'f1-score': 0.9345794392523364, 'support': 53}
保险: {'precision': 0.8695652173913043, 'recall': 0.8, 'f1-score': 0.8333333333333333, 'support': 25}
财经段子: {'precision': 0.6818181818181818, 'recall': 0.5555555555555556, 'f1-score': 0.6122448979591836, 'support': 27}
移民: {'precision': 0.8536585365853658, 'recall': 0.9210526315789473, 'f1-score': 0.8860759493670887, 'support': 38}
留学: {'precision': 1.0, 'recall': 0.7692307692307693, 'f1-score': 0.8695652173913044, 'support': 13}
股票-技术面分析: {'precision': 0.9047619047619048, 'recall': 0.8260869565217391, 'f1-score': 0.8636363636363636, 'support': 46}
税务: {'precision': 1.0, 'recall': 0.09090909090909091, 'f1-score': 0.16666666666666669, 'support': 11}
股票-其他: {'precision': 0.6759259259259259, 'recall': 0.7525773195876289, 'f1-score': 0.7121951219512195, 'support': 97}
房产: {'precision': 0.8378378378378378, 'recall': 0.8611111111111112, 'f1-score': 0.8493150684931507, 'support': 36}
股票-行业分析: {'precision': 0.8461538461538461, 'recall': 0.7333333333333333, 'f1-score': 0.7857142857142856, 'support': 60}
外汇: {'precision': 0.6666666666666666, 'recall': 0.5, 'f1-score': 0.5714285714285715, 'support': 4}
股票-基本面分析: {'precision': 0.75, 'recall': 0.3333333333333333, 'f1-score': 0.46153846153846156, 'support': 18}
其它: {'precision': 0.6363636363636364, 'recall': 0.25, 'f1-score': 0.358974358974359, 'support': 28}
loss: 0.176 precision: 0.696 recall: 0.696 f1: 0.696 
time consumption:0.43(min)
saved the new best model with f1: 0.696

epoch:12/100
start evaluate engines...

泛财经: {'precision': 0.33636363636363636, 'recall': 0.6271186440677966, 'f1-score': 0.4378698224852071, 'support': 59}
创业: {'precision': 0.68, 'recall': 0.5666666666666667, 'f1-score': 0.6181818181818183, 'support': 30}
美女: {'precision': 1.0, 'recall': 0.6666666666666666, 'f1-score': 0.8, 'support': 6}
鸡汤: {'precision': 0.75, 'recall': 0.6, 'f1-score': 0.6666666666666665, 'support': 35}
数字货币: {'precision': 0.6666666666666666, 'recall': 0.5, 'f1-score': 0.5714285714285715, 'support': 4}
储蓄: {'precision': 0.9473684210526315, 'recall': 0.6923076923076923, 'f1-score': 0.7999999999999999, 'support': 26}
基金: {'precision': 0.9259259259259259, 'recall': 0.9433962264150944, 'f1-score': 0.9345794392523364, 'support': 53}
保险: {'precision': 0.8695652173913043, 'recall': 0.8, 'f1-score': 0.8333333333333333, 'support': 25}
财经段子: {'precision': 0.6818181818181818, 'recall': 0.5555555555555556, 'f1-score': 0.6122448979591836, 'support': 27}
移民: {'precision': 0.875, 'recall': 0.9210526315789473, 'f1-score': 0.8974358974358975, 'support': 38}
留学: {'precision': 0.9090909090909091, 'recall': 0.7692307692307693, 'f1-score': 0.8333333333333333, 'support': 13}
股票-技术面分析: {'precision': 0.9047619047619048, 'recall': 0.8260869565217391, 'f1-score': 0.8636363636363636, 'support': 46}
税务: {'precision': 1.0, 'recall': 0.2727272727272727, 'f1-score': 0.42857142857142855, 'support': 11}
股票-其他: {'precision': 0.6886792452830188, 'recall': 0.7525773195876289, 'f1-score': 0.7192118226600984, 'support': 97}
房产: {'precision': 0.8378378378378378, 'recall': 0.8611111111111112, 'f1-score': 0.8493150684931507, 'support': 36}
股票-行业分析: {'precision': 0.8148148148148148, 'recall': 0.7333333333333333, 'f1-score': 0.7719298245614035, 'support': 60}
外汇: {'precision': 0.6666666666666666, 'recall': 0.5, 'f1-score': 0.5714285714285715, 'support': 4}
股票-基本面分析: {'precision': 0.6666666666666666, 'recall': 0.3333333333333333, 'f1-score': 0.4444444444444444, 'support': 18}
其它: {'precision': 0.6086956521739131, 'recall': 0.5, 'f1-score': 0.5490196078431373, 'support': 28}
loss: 0.171 precision: 0.714 recall: 0.714 f1: 0.714 
time consumption:0.40(min)
saved the new best model with f1: 0.714

epoch:13/100
start evaluate engines...

泛财经: {'precision': 0.330188679245283, 'recall': 0.5932203389830508, 'f1-score': 0.4242424242424242, 'support': 59}
创业: {'precision': 0.6666666666666666, 'recall': 0.4666666666666667, 'f1-score': 0.5490196078431373, 'support': 30}
美女: {'precision': 1.0, 'recall': 0.6666666666666666, 'f1-score': 0.8, 'support': 6}
鸡汤: {'precision': 0.6666666666666666, 'recall': 0.6285714285714286, 'f1-score': 0.6470588235294118, 'support': 35}
数字货币: {'precision': 0.6666666666666666, 'recall': 0.5, 'f1-score': 0.5714285714285715, 'support': 4}
储蓄: {'precision': 0.9, 'recall': 0.6923076923076923, 'f1-score': 0.7826086956521738, 'support': 26}
基金: {'precision': 0.9259259259259259, 'recall': 0.9433962264150944, 'f1-score': 0.9345794392523364, 'support': 53}
保险: {'precision': 0.9090909090909091, 'recall': 0.8, 'f1-score': 0.8510638297872342, 'support': 25}
财经段子: {'precision': 0.6470588235294118, 'recall': 0.4074074074074074, 'f1-score': 0.5, 'support': 27}
移民: {'precision': 0.8095238095238095, 'recall': 0.8947368421052632, 'f1-score': 0.8500000000000001, 'support': 38}
留学: {'precision': 1.0, 'recall': 0.6923076923076923, 'f1-score': 0.8181818181818181, 'support': 13}
股票-技术面分析: {'precision': 0.9047619047619048, 'recall': 0.8260869565217391, 'f1-score': 0.8636363636363636, 'support': 46}
税务: {'precision': 1.0, 'recall': 0.2727272727272727, 'f1-score': 0.42857142857142855, 'support': 11}
股票-其他: {'precision': 0.6637168141592921, 'recall': 0.7731958762886598, 'f1-score': 0.7142857142857143, 'support': 97}
房产: {'precision': 0.8378378378378378, 'recall': 0.8611111111111112, 'f1-score': 0.8493150684931507, 'support': 36}
股票-行业分析: {'precision': 0.7924528301886793, 'recall': 0.7, 'f1-score': 0.743362831858407, 'support': 60}
外汇: {'precision': 0.6666666666666666, 'recall': 0.5, 'f1-score': 0.5714285714285715, 'support': 4}
股票-基本面分析: {'precision': 0.6666666666666666, 'recall': 0.3333333333333333, 'f1-score': 0.4444444444444444, 'support': 18}
其它: {'precision': 0.52, 'recall': 0.4642857142857143, 'f1-score': 0.49056603773584906, 'support': 28}
loss: 0.167 precision: 0.696 recall: 0.696 f1: 0.696 
time consumption:0.40(min)

epoch:14/100
start evaluate engines...

泛财经: {'precision': 0.36082474226804123, 'recall': 0.5932203389830508, 'f1-score': 0.4487179487179487, 'support': 59}
创业: {'precision': 0.6956521739130435, 'recall': 0.5333333333333333, 'f1-score': 0.6037735849056605, 'support': 30}
美女: {'precision': 1.0, 'recall': 0.6666666666666666, 'f1-score': 0.8, 'support': 6}
鸡汤: {'precision': 0.696969696969697, 'recall': 0.6571428571428571, 'f1-score': 0.676470588235294, 'support': 35}
数字货币: {'precision': 0.6666666666666666, 'recall': 0.5, 'f1-score': 0.5714285714285715, 'support': 4}
储蓄: {'precision': 0.9, 'recall': 0.6923076923076923, 'f1-score': 0.7826086956521738, 'support': 26}
基金: {'precision': 0.9259259259259259, 'recall': 0.9433962264150944, 'f1-score': 0.9345794392523364, 'support': 53}
保险: {'precision': 0.8695652173913043, 'recall': 0.8, 'f1-score': 0.8333333333333333, 'support': 25}
财经段子: {'precision': 0.6956521739130435, 'recall': 0.5925925925925926, 'f1-score': 0.6399999999999999, 'support': 27}
移民: {'precision': 0.85, 'recall': 0.8947368421052632, 'f1-score': 0.8717948717948718, 'support': 38}
留学: {'precision': 1.0, 'recall': 0.7692307692307693, 'f1-score': 0.8695652173913044, 'support': 13}
股票-技术面分析: {'precision': 0.9047619047619048, 'recall': 0.8260869565217391, 'f1-score': 0.8636363636363636, 'support': 46}
税务: {'precision': 1.0, 'recall': 0.45454545454545453, 'f1-score': 0.625, 'support': 11}
股票-其他: {'precision': 0.6851851851851852, 'recall': 0.7628865979381443, 'f1-score': 0.7219512195121952, 'support': 97}
房产: {'precision': 0.8157894736842105, 'recall': 0.8611111111111112, 'f1-score': 0.8378378378378377, 'support': 36}
股票-行业分析: {'precision': 0.7962962962962963, 'recall': 0.7166666666666667, 'f1-score': 0.7543859649122806, 'support': 60}
外汇: {'precision': 0.6666666666666666, 'recall': 0.5, 'f1-score': 0.5714285714285715, 'support': 4}
股票-基本面分析: {'precision': 0.6363636363636364, 'recall': 0.3888888888888889, 'f1-score': 0.4827586206896552, 'support': 18}
其它: {'precision': 0.52, 'recall': 0.4642857142857143, 'f1-score': 0.49056603773584906, 'support': 28}
loss: 0.163 precision: 0.716 recall: 0.716 f1: 0.716 
time consumption:0.42(min)
saved the new best model with f1: 0.716

epoch:15/100
start evaluate engines...

泛财经: {'precision': 0.3763440860215054, 'recall': 0.5932203389830508, 'f1-score': 0.4605263157894737, 'support': 59}
创业: {'precision': 0.6521739130434783, 'recall': 0.5, 'f1-score': 0.5660377358490566, 'support': 30}
美女: {'precision': 1.0, 'recall': 0.6666666666666666, 'f1-score': 0.8, 'support': 6}
鸡汤: {'precision': 0.6875, 'recall': 0.6285714285714286, 'f1-score': 0.6567164179104478, 'support': 35}
数字货币: {'precision': 0.6666666666666666, 'recall': 0.5, 'f1-score': 0.5714285714285715, 'support': 4}
储蓄: {'precision': 0.9, 'recall': 0.6923076923076923, 'f1-score': 0.7826086956521738, 'support': 26}
基金: {'precision': 0.9259259259259259, 'recall': 0.9433962264150944, 'f1-score': 0.9345794392523364, 'support': 53}
保险: {'precision': 0.8695652173913043, 'recall': 0.8, 'f1-score': 0.8333333333333333, 'support': 25}
财经段子: {'precision': 0.6956521739130435, 'recall': 0.5925925925925926, 'f1-score': 0.6399999999999999, 'support': 27}
移民: {'precision': 0.8536585365853658, 'recall': 0.9210526315789473, 'f1-score': 0.8860759493670887, 'support': 38}
留学: {'precision': 1.0, 'recall': 0.6923076923076923, 'f1-score': 0.8181818181818181, 'support': 13}
股票-技术面分析: {'precision': 0.9024390243902439, 'recall': 0.8043478260869565, 'f1-score': 0.8505747126436782, 'support': 46}
税务: {'precision': 1.0, 'recall': 0.45454545454545453, 'f1-score': 0.625, 'support': 11}
股票-其他: {'precision': 0.6936936936936937, 'recall': 0.7938144329896907, 'f1-score': 0.7403846153846155, 'support': 97}
房产: {'precision': 0.8378378378378378, 'recall': 0.8611111111111112, 'f1-score': 0.8493150684931507, 'support': 36}
股票-行业分析: {'precision': 0.7857142857142857, 'recall': 0.7333333333333333, 'f1-score': 0.7586206896551724, 'support': 60}
外汇: {'precision': 0.6666666666666666, 'recall': 0.5, 'f1-score': 0.5714285714285715, 'support': 4}
股票-基本面分析: {'precision': 0.5, 'recall': 0.3888888888888889, 'f1-score': 0.43750000000000006, 'support': 18}
其它: {'precision': 0.5833333333333334, 'recall': 0.5, 'f1-score': 0.5384615384615384, 'support': 28}
loss: 0.162 precision: 0.719 recall: 0.719 f1: 0.719 
time consumption:0.46(min)
saved the new best model with f1: 0.719

epoch:16/100
start evaluate engines...

泛财经: {'precision': 0.3804347826086957, 'recall': 0.5932203389830508, 'f1-score': 0.4635761589403974, 'support': 59}
创业: {'precision': 0.6666666666666666, 'recall': 0.5333333333333333, 'f1-score': 0.5925925925925926, 'support': 30}
美女: {'precision': 1.0, 'recall': 0.6666666666666666, 'f1-score': 0.8, 'support': 6}
鸡汤: {'precision': 0.7333333333333333, 'recall': 0.6285714285714286, 'f1-score': 0.6769230769230768, 'support': 35}
数字货币: {'precision': 0.5, 'recall': 0.5, 'f1-score': 0.5, 'support': 4}
储蓄: {'precision': 0.9, 'recall': 0.6923076923076923, 'f1-score': 0.7826086956521738, 'support': 26}
基金: {'precision': 0.9272727272727272, 'recall': 0.9622641509433962, 'f1-score': 0.9444444444444444, 'support': 53}
保险: {'precision': 0.9090909090909091, 'recall': 0.8, 'f1-score': 0.8510638297872342, 'support': 25}
财经段子: {'precision': 0.6956521739130435, 'recall': 0.5925925925925926, 'f1-score': 0.6399999999999999, 'support': 27}
移民: {'precision': 0.8461538461538461, 'recall': 0.868421052631579, 'f1-score': 0.8571428571428572, 'support': 38}
留学: {'precision': 1.0, 'recall': 0.6923076923076923, 'f1-score': 0.8181818181818181, 'support': 13}
股票-技术面分析: {'precision': 0.9024390243902439, 'recall': 0.8043478260869565, 'f1-score': 0.8505747126436782, 'support': 46}
税务: {'precision': 1.0, 'recall': 0.45454545454545453, 'f1-score': 0.625, 'support': 11}
股票-其他: {'precision': 0.6909090909090909, 'recall': 0.7835051546391752, 'f1-score': 0.7342995169082126, 'support': 97}
房产: {'precision': 0.8157894736842105, 'recall': 0.8611111111111112, 'f1-score': 0.8378378378378377, 'support': 36}
股票-行业分析: {'precision': 0.7735849056603774, 'recall': 0.6833333333333333, 'f1-score': 0.7256637168141593, 'support': 60}
外汇: {'precision': 0.6666666666666666, 'recall': 0.5, 'f1-score': 0.5714285714285715, 'support': 4}
股票-基本面分析: {'precision': 0.5714285714285714, 'recall': 0.4444444444444444, 'f1-score': 0.5, 'support': 18}
其它: {'precision': 0.5333333333333333, 'recall': 0.5714285714285714, 'f1-score': 0.5517241379310344, 'support': 28}
loss: 0.161 precision: 0.718 recall: 0.718 f1: 0.718 
time consumption:0.42(min)

epoch:17/100
start evaluate engines...

泛财经: {'precision': 0.40229885057471265, 'recall': 0.5932203389830508, 'f1-score': 0.4794520547945205, 'support': 59}
创业: {'precision': 0.68, 'recall': 0.5666666666666667, 'f1-score': 0.6181818181818183, 'support': 30}
美女: {'precision': 1.0, 'recall': 0.6666666666666666, 'f1-score': 0.8, 'support': 6}
鸡汤: {'precision': 0.7419354838709677, 'recall': 0.6571428571428571, 'f1-score': 0.6969696969696969, 'support': 35}
数字货币: {'precision': 0.5, 'recall': 0.5, 'f1-score': 0.5, 'support': 4}
储蓄: {'precision': 0.9, 'recall': 0.6923076923076923, 'f1-score': 0.7826086956521738, 'support': 26}
基金: {'precision': 0.9272727272727272, 'recall': 0.9622641509433962, 'f1-score': 0.9444444444444444, 'support': 53}
保险: {'precision': 0.8695652173913043, 'recall': 0.8, 'f1-score': 0.8333333333333333, 'support': 25}
财经段子: {'precision': 0.6818181818181818, 'recall': 0.5555555555555556, 'f1-score': 0.6122448979591836, 'support': 27}
移民: {'precision': 0.825, 'recall': 0.868421052631579, 'f1-score': 0.8461538461538461, 'support': 38}
留学: {'precision': 1.0, 'recall': 0.6923076923076923, 'f1-score': 0.8181818181818181, 'support': 13}
股票-技术面分析: {'precision': 0.9024390243902439, 'recall': 0.8043478260869565, 'f1-score': 0.8505747126436782, 'support': 46}
税务: {'precision': 1.0, 'recall': 0.45454545454545453, 'f1-score': 0.625, 'support': 11}
股票-其他: {'precision': 0.6754385964912281, 'recall': 0.7938144329896907, 'f1-score': 0.7298578199052134, 'support': 97}
房产: {'precision': 0.8157894736842105, 'recall': 0.8611111111111112, 'f1-score': 0.8378378378378377, 'support': 36}
股票-行业分析: {'precision': 0.7636363636363637, 'recall': 0.7, 'f1-score': 0.7304347826086957, 'support': 60}
外汇: {'precision': 0.6666666666666666, 'recall': 0.5, 'f1-score': 0.5714285714285715, 'support': 4}
股票-基本面分析: {'precision': 0.5384615384615384, 'recall': 0.3888888888888889, 'f1-score': 0.45161290322580644, 'support': 18}
其它: {'precision': 0.5555555555555556, 'recall': 0.5357142857142857, 'f1-score': 0.5454545454545454, 'support': 28}
loss: 0.160 precision: 0.719 recall: 0.719 f1: 0.719 
time consumption:0.44(min)

epoch:18/100
start evaluate engines...

泛财经: {'precision': 0.39325842696629215, 'recall': 0.5932203389830508, 'f1-score': 0.4729729729729729, 'support': 59}
创业: {'precision': 0.68, 'recall': 0.5666666666666667, 'f1-score': 0.6181818181818183, 'support': 30}
美女: {'precision': 1.0, 'recall': 0.6666666666666666, 'f1-score': 0.8, 'support': 6}
鸡汤: {'precision': 0.7419354838709677, 'recall': 0.6571428571428571, 'f1-score': 0.6969696969696969, 'support': 35}
数字货币: {'precision': 0.5, 'recall': 0.5, 'f1-score': 0.5, 'support': 4}
储蓄: {'precision': 0.9, 'recall': 0.6923076923076923, 'f1-score': 0.7826086956521738, 'support': 26}
基金: {'precision': 0.9272727272727272, 'recall': 0.9622641509433962, 'f1-score': 0.9444444444444444, 'support': 53}
保险: {'precision': 0.9090909090909091, 'recall': 0.8, 'f1-score': 0.8510638297872342, 'support': 25}
财经段子: {'precision': 0.6666666666666666, 'recall': 0.5925925925925926, 'f1-score': 0.627450980392157, 'support': 27}
移民: {'precision': 0.8461538461538461, 'recall': 0.868421052631579, 'f1-score': 0.8571428571428572, 'support': 38}
留学: {'precision': 1.0, 'recall': 0.6923076923076923, 'f1-score': 0.8181818181818181, 'support': 13}
股票-技术面分析: {'precision': 0.8809523809523809, 'recall': 0.8043478260869565, 'f1-score': 0.8409090909090908, 'support': 46}
税务: {'precision': 1.0, 'recall': 0.45454545454545453, 'f1-score': 0.625, 'support': 11}
股票-其他: {'precision': 0.6915887850467289, 'recall': 0.7628865979381443, 'f1-score': 0.7254901960784315, 'support': 97}
房产: {'precision': 0.8157894736842105, 'recall': 0.8611111111111112, 'f1-score': 0.8378378378378377, 'support': 36}
股票-行业分析: {'precision': 0.75, 'recall': 0.7, 'f1-score': 0.7241379310344827, 'support': 60}
外汇: {'precision': 0.6666666666666666, 'recall': 0.5, 'f1-score': 0.5714285714285715, 'support': 4}
股票-基本面分析: {'precision': 0.5714285714285714, 'recall': 0.4444444444444444, 'f1-score': 0.5, 'support': 18}
其它: {'precision': 0.5517241379310345, 'recall': 0.5714285714285714, 'f1-score': 0.5614035087719299, 'support': 28}
loss: 0.159 precision: 0.719 recall: 0.719 f1: 0.719 
time consumption:0.44(min)

epoch:19/100
start evaluate engines...

泛财经: {'precision': 0.39325842696629215, 'recall': 0.5932203389830508, 'f1-score': 0.4729729729729729, 'support': 59}
创业: {'precision': 0.68, 'recall': 0.5666666666666667, 'f1-score': 0.6181818181818183, 'support': 30}
美女: {'precision': 1.0, 'recall': 0.6666666666666666, 'f1-score': 0.8, 'support': 6}
鸡汤: {'precision': 0.7419354838709677, 'recall': 0.6571428571428571, 'f1-score': 0.6969696969696969, 'support': 35}
数字货币: {'precision': 0.5, 'recall': 0.5, 'f1-score': 0.5, 'support': 4}
储蓄: {'precision': 0.9, 'recall': 0.6923076923076923, 'f1-score': 0.7826086956521738, 'support': 26}
基金: {'precision': 0.9272727272727272, 'recall': 0.9622641509433962, 'f1-score': 0.9444444444444444, 'support': 53}
保险: {'precision': 0.9090909090909091, 'recall': 0.8, 'f1-score': 0.8510638297872342, 'support': 25}
财经段子: {'precision': 0.7142857142857143, 'recall': 0.5555555555555556, 'f1-score': 0.6250000000000001, 'support': 27}
移民: {'precision': 0.8717948717948718, 'recall': 0.8947368421052632, 'f1-score': 0.8831168831168831, 'support': 38}
留学: {'precision': 1.0, 'recall': 0.8461538461538461, 'f1-score': 0.9166666666666666, 'support': 13}
股票-技术面分析: {'precision': 0.8809523809523809, 'recall': 0.8043478260869565, 'f1-score': 0.8409090909090908, 'support': 46}
税务: {'precision': 1.0, 'recall': 0.45454545454545453, 'f1-score': 0.625, 'support': 11}
股票-其他: {'precision': 0.6814159292035398, 'recall': 0.7938144329896907, 'f1-score': 0.7333333333333334, 'support': 97}
房产: {'precision': 0.8157894736842105, 'recall': 0.8611111111111112, 'f1-score': 0.8378378378378377, 'support': 36}
股票-行业分析: {'precision': 0.75, 'recall': 0.7, 'f1-score': 0.7241379310344827, 'support': 60}
外汇: {'precision': 0.6666666666666666, 'recall': 0.5, 'f1-score': 0.5714285714285715, 'support': 4}
股票-基本面分析: {'precision': 0.5384615384615384, 'recall': 0.3888888888888889, 'f1-score': 0.45161290322580644, 'support': 18}
其它: {'precision': 0.6, 'recall': 0.5357142857142857, 'f1-score': 0.5660377358490566, 'support': 28}
loss: 0.159 precision: 0.724 recall: 0.724 f1: 0.724 
time consumption:0.43(min)
saved the new best model with f1: 0.724

epoch:20/100
start evaluate engines...

泛财经: {'precision': 0.38823529411764707, 'recall': 0.559322033898305, 'f1-score': 0.45833333333333326, 'support': 59}
创业: {'precision': 0.6956521739130435, 'recall': 0.5333333333333333, 'f1-score': 0.6037735849056605, 'support': 30}
美女: {'precision': 1.0, 'recall': 0.6666666666666666, 'f1-score': 0.8, 'support': 6}
鸡汤: {'precision': 0.6764705882352942, 'recall': 0.6571428571428571, 'f1-score': 0.6666666666666666, 'support': 35}
数字货币: {'precision': 0.5, 'recall': 0.5, 'f1-score': 0.5, 'support': 4}
储蓄: {'precision': 0.9, 'recall': 0.6923076923076923, 'f1-score': 0.7826086956521738, 'support': 26}
基金: {'precision': 0.9272727272727272, 'recall': 0.9622641509433962, 'f1-score': 0.9444444444444444, 'support': 53}
保险: {'precision': 0.9130434782608695, 'recall': 0.84, 'f1-score': 0.8749999999999999, 'support': 25}
财经段子: {'precision': 0.6666666666666666, 'recall': 0.5925925925925926, 'f1-score': 0.627450980392157, 'support': 27}
移民: {'precision': 0.8333333333333334, 'recall': 0.9210526315789473, 'f1-score': 0.875, 'support': 38}
留学: {'precision': 1.0, 'recall': 0.6923076923076923, 'f1-score': 0.8181818181818181, 'support': 13}
股票-技术面分析: {'precision': 0.8604651162790697, 'recall': 0.8043478260869565, 'f1-score': 0.8314606741573034, 'support': 46}
税务: {'precision': 1.0, 'recall': 0.5454545454545454, 'f1-score': 0.7058823529411764, 'support': 11}
股票-其他: {'precision': 0.6756756756756757, 'recall': 0.7731958762886598, 'f1-score': 0.721153846153846, 'support': 97}
房产: {'precision': 0.8378378378378378, 'recall': 0.8611111111111112, 'f1-score': 0.8493150684931507, 'support': 36}
股票-行业分析: {'precision': 0.75, 'recall': 0.7, 'f1-score': 0.7241379310344827, 'support': 60}
外汇: {'precision': 0.6666666666666666, 'recall': 0.5, 'f1-score': 0.5714285714285715, 'support': 4}
股票-基本面分析: {'precision': 0.5384615384615384, 'recall': 0.3888888888888889, 'f1-score': 0.45161290322580644, 'support': 18}
其它: {'precision': 0.625, 'recall': 0.5357142857142857, 'f1-score': 0.576923076923077, 'support': 28}
loss: 0.160 precision: 0.719 recall: 0.719 f1: 0.719 
time consumption:0.42(min)

epoch:21/100
start evaluate engines...

泛财经: {'precision': 0.39285714285714285, 'recall': 0.559322033898305, 'f1-score': 0.4615384615384615, 'support': 59}
创业: {'precision': 0.68, 'recall': 0.5666666666666667, 'f1-score': 0.6181818181818183, 'support': 30}
美女: {'precision': 1.0, 'recall': 0.6666666666666666, 'f1-score': 0.8, 'support': 6}
鸡汤: {'precision': 0.696969696969697, 'recall': 0.6571428571428571, 'f1-score': 0.676470588235294, 'support': 35}
数字货币: {'precision': 0.5, 'recall': 0.5, 'f1-score': 0.5, 'support': 4}
储蓄: {'precision': 0.9, 'recall': 0.6923076923076923, 'f1-score': 0.7826086956521738, 'support': 26}
基金: {'precision': 0.9272727272727272, 'recall': 0.9622641509433962, 'f1-score': 0.9444444444444444, 'support': 53}
保险: {'precision': 0.9130434782608695, 'recall': 0.84, 'f1-score': 0.8749999999999999, 'support': 25}
财经段子: {'precision': 0.6666666666666666, 'recall': 0.5925925925925926, 'f1-score': 0.627450980392157, 'support': 27}
移民: {'precision': 0.8292682926829268, 'recall': 0.8947368421052632, 'f1-score': 0.860759493670886, 'support': 38}
留学: {'precision': 1.0, 'recall': 0.6923076923076923, 'f1-score': 0.8181818181818181, 'support': 13}
股票-技术面分析: {'precision': 0.925, 'recall': 0.8043478260869565, 'f1-score': 0.8604651162790697, 'support': 46}
税务: {'precision': 1.0, 'recall': 0.5454545454545454, 'f1-score': 0.7058823529411764, 'support': 11}
股票-其他: {'precision': 0.6756756756756757, 'recall': 0.7731958762886598, 'f1-score': 0.721153846153846, 'support': 97}
房产: {'precision': 0.8157894736842105, 'recall': 0.8611111111111112, 'f1-score': 0.8378378378378377, 'support': 36}
股票-行业分析: {'precision': 0.75, 'recall': 0.7, 'f1-score': 0.7241379310344827, 'support': 60}
外汇: {'precision': 0.6666666666666666, 'recall': 0.5, 'f1-score': 0.5714285714285715, 'support': 4}
股票-基本面分析: {'precision': 0.6, 'recall': 0.5, 'f1-score': 0.5454545454545454, 'support': 18}
其它: {'precision': 0.6, 'recall': 0.5357142857142857, 'f1-score': 0.5660377358490566, 'support': 28}
loss: 0.161 precision: 0.722 recall: 0.722 f1: 0.722 
time consumption:0.41(min)

epoch:22/100
start evaluate engines...

泛财经: {'precision': 0.39285714285714285, 'recall': 0.559322033898305, 'f1-score': 0.4615384615384615, 'support': 59}
创业: {'precision': 0.6538461538461539, 'recall': 0.5666666666666667, 'f1-score': 0.6071428571428571, 'support': 30}
美女: {'precision': 1.0, 'recall': 0.6666666666666666, 'f1-score': 0.8, 'support': 6}
鸡汤: {'precision': 0.696969696969697, 'recall': 0.6571428571428571, 'f1-score': 0.676470588235294, 'support': 35}
数字货币: {'precision': 0.5, 'recall': 0.5, 'f1-score': 0.5, 'support': 4}
储蓄: {'precision': 0.9, 'recall': 0.6923076923076923, 'f1-score': 0.7826086956521738, 'support': 26}
基金: {'precision': 0.9272727272727272, 'recall': 0.9622641509433962, 'f1-score': 0.9444444444444444, 'support': 53}
保险: {'precision': 0.9130434782608695, 'recall': 0.84, 'f1-score': 0.8749999999999999, 'support': 25}
财经段子: {'precision': 0.64, 'recall': 0.5925925925925926, 'f1-score': 0.6153846153846153, 'support': 27}
移民: {'precision': 0.8717948717948718, 'recall': 0.8947368421052632, 'f1-score': 0.8831168831168831, 'support': 38}
留学: {'precision': 1.0, 'recall': 0.8461538461538461, 'f1-score': 0.9166666666666666, 'support': 13}
股票-技术面分析: {'precision': 0.9047619047619048, 'recall': 0.8260869565217391, 'f1-score': 0.8636363636363636, 'support': 46}
税务: {'precision': 1.0, 'recall': 0.5454545454545454, 'f1-score': 0.7058823529411764, 'support': 11}
股票-其他: {'precision': 0.6697247706422018, 'recall': 0.7525773195876289, 'f1-score': 0.7087378640776698, 'support': 97}
房产: {'precision': 0.8157894736842105, 'recall': 0.8611111111111112, 'f1-score': 0.8378378378378377, 'support': 36}
股票-行业分析: {'precision': 0.7592592592592593, 'recall': 0.6833333333333333, 'f1-score': 0.7192982456140351, 'support': 60}
外汇: {'precision': 0.6666666666666666, 'recall': 0.5, 'f1-score': 0.5714285714285715, 'support': 4}
股票-基本面分析: {'precision': 0.5333333333333333, 'recall': 0.4444444444444444, 'f1-score': 0.4848484848484848, 'support': 18}
其它: {'precision': 0.6, 'recall': 0.5357142857142857, 'f1-score': 0.5660377358490566, 'support': 28}
loss: 0.162 precision: 0.721 recall: 0.721 f1: 0.721 
time consumption:0.42(min)

epoch:23/100
start evaluate engines...

泛财经: {'precision': 0.38372093023255816, 'recall': 0.559322033898305, 'f1-score': 0.45517241379310347, 'support': 59}
创业: {'precision': 0.6666666666666666, 'recall': 0.5333333333333333, 'f1-score': 0.5925925925925926, 'support': 30}
美女: {'precision': 1.0, 'recall': 0.6666666666666666, 'f1-score': 0.8, 'support': 6}
鸡汤: {'precision': 0.6764705882352942, 'recall': 0.6571428571428571, 'f1-score': 0.6666666666666666, 'support': 35}
数字货币: {'precision': 0.5, 'recall': 0.5, 'f1-score': 0.5, 'support': 4}
储蓄: {'precision': 0.9, 'recall': 0.6923076923076923, 'f1-score': 0.7826086956521738, 'support': 26}
基金: {'precision': 0.9272727272727272, 'recall': 0.9622641509433962, 'f1-score': 0.9444444444444444, 'support': 53}
保险: {'precision': 0.9130434782608695, 'recall': 0.84, 'f1-score': 0.8749999999999999, 'support': 25}
财经段子: {'precision': 0.6956521739130435, 'recall': 0.5925925925925926, 'f1-score': 0.6399999999999999, 'support': 27}
移民: {'precision': 0.868421052631579, 'recall': 0.868421052631579, 'f1-score': 0.868421052631579, 'support': 38}
留学: {'precision': 1.0, 'recall': 0.8461538461538461, 'f1-score': 0.9166666666666666, 'support': 13}
股票-技术面分析: {'precision': 0.9047619047619048, 'recall': 0.8260869565217391, 'f1-score': 0.8636363636363636, 'support': 46}
税务: {'precision': 1.0, 'recall': 0.5454545454545454, 'f1-score': 0.7058823529411764, 'support': 11}
股票-其他: {'precision': 0.6756756756756757, 'recall': 0.7731958762886598, 'f1-score': 0.721153846153846, 'support': 97}
房产: {'precision': 0.8157894736842105, 'recall': 0.8611111111111112, 'f1-score': 0.8378378378378377, 'support': 36}
股票-行业分析: {'precision': 0.7592592592592593, 'recall': 0.6833333333333333, 'f1-score': 0.7192982456140351, 'support': 60}
外汇: {'precision': 0.6666666666666666, 'recall': 0.5, 'f1-score': 0.5714285714285715, 'support': 4}
股票-基本面分析: {'precision': 0.5333333333333333, 'recall': 0.4444444444444444, 'f1-score': 0.4848484848484848, 'support': 18}
其它: {'precision': 0.6, 'recall': 0.5357142857142857, 'f1-score': 0.5660377358490566, 'support': 28}
loss: 0.163 precision: 0.721 recall: 0.721 f1: 0.721 
time consumption:0.45(min)

epoch:24/100
start evaluate engines...

泛财经: {'precision': 0.3764705882352941, 'recall': 0.5423728813559322, 'f1-score': 0.4444444444444444, 'support': 59}
创业: {'precision': 0.64, 'recall': 0.5333333333333333, 'f1-score': 0.5818181818181818, 'support': 30}
美女: {'precision': 1.0, 'recall': 0.6666666666666666, 'f1-score': 0.8, 'support': 6}
鸡汤: {'precision': 0.696969696969697, 'recall': 0.6571428571428571, 'f1-score': 0.676470588235294, 'support': 35}
数字货币: {'precision': 0.5, 'recall': 0.5, 'f1-score': 0.5, 'support': 4}
储蓄: {'precision': 0.8571428571428571, 'recall': 0.6923076923076923, 'f1-score': 0.7659574468085107, 'support': 26}
基金: {'precision': 0.9272727272727272, 'recall': 0.9622641509433962, 'f1-score': 0.9444444444444444, 'support': 53}
保险: {'precision': 0.9130434782608695, 'recall': 0.84, 'f1-score': 0.8749999999999999, 'support': 25}
财经段子: {'precision': 0.6956521739130435, 'recall': 0.5925925925925926, 'f1-score': 0.6399999999999999, 'support': 27}
移民: {'precision': 0.8292682926829268, 'recall': 0.8947368421052632, 'f1-score': 0.860759493670886, 'support': 38}
留学: {'precision': 1.0, 'recall': 0.6923076923076923, 'f1-score': 0.8181818181818181, 'support': 13}
股票-技术面分析: {'precision': 0.925, 'recall': 0.8043478260869565, 'f1-score': 0.8604651162790697, 'support': 46}
税务: {'precision': 1.0, 'recall': 0.45454545454545453, 'f1-score': 0.625, 'support': 11}
股票-其他: {'precision': 0.6637168141592921, 'recall': 0.7731958762886598, 'f1-score': 0.7142857142857143, 'support': 97}
房产: {'precision': 0.8378378378378378, 'recall': 0.8611111111111112, 'f1-score': 0.8493150684931507, 'support': 36}
股票-行业分析: {'precision': 0.7735849056603774, 'recall': 0.6833333333333333, 'f1-score': 0.7256637168141593, 'support': 60}
外汇: {'precision': 0.6666666666666666, 'recall': 0.5, 'f1-score': 0.5714285714285715, 'support': 4}
股票-基本面分析: {'precision': 0.5882352941176471, 'recall': 0.5555555555555556, 'f1-score': 0.5714285714285715, 'support': 18}
其它: {'precision': 0.56, 'recall': 0.5, 'f1-score': 0.5283018867924528, 'support': 28}
loss: 0.163 precision: 0.716 recall: 0.716 f1: 0.716 
time consumption:0.41(min)

epoch:25/100
start evaluate engines...

泛财经: {'precision': 0.38636363636363635, 'recall': 0.576271186440678, 'f1-score': 0.4625850340136054, 'support': 59}
创业: {'precision': 0.6538461538461539, 'recall': 0.5666666666666667, 'f1-score': 0.6071428571428571, 'support': 30}
美女: {'precision': 1.0, 'recall': 0.6666666666666666, 'f1-score': 0.8, 'support': 6}
鸡汤: {'precision': 0.71875, 'recall': 0.6571428571428571, 'f1-score': 0.6865671641791045, 'support': 35}
数字货币: {'precision': 0.5, 'recall': 0.5, 'f1-score': 0.5, 'support': 4}
储蓄: {'precision': 0.9, 'recall': 0.6923076923076923, 'f1-score': 0.7826086956521738, 'support': 26}
基金: {'precision': 0.9272727272727272, 'recall': 0.9622641509433962, 'f1-score': 0.9444444444444444, 'support': 53}
保险: {'precision': 0.9130434782608695, 'recall': 0.84, 'f1-score': 0.8749999999999999, 'support': 25}
财经段子: {'precision': 0.6956521739130435, 'recall': 0.5925925925925926, 'f1-score': 0.6399999999999999, 'support': 27}
移民: {'precision': 0.825, 'recall': 0.868421052631579, 'f1-score': 0.8461538461538461, 'support': 38}
留学: {'precision': 1.0, 'recall': 0.6923076923076923, 'f1-score': 0.8181818181818181, 'support': 13}
股票-技术面分析: {'precision': 0.9024390243902439, 'recall': 0.8043478260869565, 'f1-score': 0.8505747126436782, 'support': 46}
税务: {'precision': 1.0, 'recall': 0.5454545454545454, 'f1-score': 0.7058823529411764, 'support': 11}
股票-其他: {'precision': 0.6818181818181818, 'recall': 0.7731958762886598, 'f1-score': 0.7246376811594202, 'support': 97}
房产: {'precision': 0.8157894736842105, 'recall': 0.8611111111111112, 'f1-score': 0.8378378378378377, 'support': 36}
股票-行业分析: {'precision': 0.7592592592592593, 'recall': 0.6833333333333333, 'f1-score': 0.7192982456140351, 'support': 60}
外汇: {'precision': 0.6666666666666666, 'recall': 0.5, 'f1-score': 0.5714285714285715, 'support': 4}
股票-基本面分析: {'precision': 0.5625, 'recall': 0.5, 'f1-score': 0.5294117647058824, 'support': 18}
其它: {'precision': 0.5833333333333334, 'recall': 0.5, 'f1-score': 0.5384615384615384, 'support': 28}
loss: 0.165 precision: 0.719 recall: 0.719 f1: 0.719 
time consumption:0.41(min)

epoch:26/100
start evaluate engines...

泛财经: {'precision': 0.38372093023255816, 'recall': 0.559322033898305, 'f1-score': 0.45517241379310347, 'support': 59}
创业: {'precision': 0.6538461538461539, 'recall': 0.5666666666666667, 'f1-score': 0.6071428571428571, 'support': 30}
美女: {'precision': 1.0, 'recall': 0.6666666666666666, 'f1-score': 0.8, 'support': 6}
鸡汤: {'precision': 0.71875, 'recall': 0.6571428571428571, 'f1-score': 0.6865671641791045, 'support': 35}
数字货币: {'precision': 0.5, 'recall': 0.5, 'f1-score': 0.5, 'support': 4}
储蓄: {'precision': 0.9, 'recall': 0.6923076923076923, 'f1-score': 0.7826086956521738, 'support': 26}
基金: {'precision': 0.9272727272727272, 'recall': 0.9622641509433962, 'f1-score': 0.9444444444444444, 'support': 53}
保险: {'precision': 0.9130434782608695, 'recall': 0.84, 'f1-score': 0.8749999999999999, 'support': 25}
财经段子: {'precision': 0.64, 'recall': 0.5925925925925926, 'f1-score': 0.6153846153846153, 'support': 27}
移民: {'precision': 0.825, 'recall': 0.868421052631579, 'f1-score': 0.8461538461538461, 'support': 38}
留学: {'precision': 1.0, 'recall': 0.6923076923076923, 'f1-score': 0.8181818181818181, 'support': 13}
股票-技术面分析: {'precision': 0.8837209302325582, 'recall': 0.8260869565217391, 'f1-score': 0.853932584269663, 'support': 46}
税务: {'precision': 1.0, 'recall': 0.5454545454545454, 'f1-score': 0.7058823529411764, 'support': 11}
股票-其他: {'precision': 0.6851851851851852, 'recall': 0.7628865979381443, 'f1-score': 0.7219512195121952, 'support': 97}
房产: {'precision': 0.825, 'recall': 0.9166666666666666, 'f1-score': 0.8684210526315789, 'support': 36}
股票-行业分析: {'precision': 0.7636363636363637, 'recall': 0.7, 'f1-score': 0.7304347826086957, 'support': 60}
外汇: {'precision': 0.6666666666666666, 'recall': 0.5, 'f1-score': 0.5714285714285715, 'support': 4}
股票-基本面分析: {'precision': 0.6153846153846154, 'recall': 0.4444444444444444, 'f1-score': 0.5161290322580646, 'support': 18}
其它: {'precision': 0.5833333333333334, 'recall': 0.5, 'f1-score': 0.5384615384615384, 'support': 28}
loss: 0.166 precision: 0.721 recall: 0.721 f1: 0.721 
time consumption:0.42(min)

epoch:27/100
start evaluate engines...

泛财经: {'precision': 0.38372093023255816, 'recall': 0.559322033898305, 'f1-score': 0.45517241379310347, 'support': 59}
创业: {'precision': 0.6538461538461539, 'recall': 0.5666666666666667, 'f1-score': 0.6071428571428571, 'support': 30}
美女: {'precision': 1.0, 'recall': 0.6666666666666666, 'f1-score': 0.8, 'support': 6}
鸡汤: {'precision': 0.71875, 'recall': 0.6571428571428571, 'f1-score': 0.6865671641791045, 'support': 35}
数字货币: {'precision': 0.5, 'recall': 0.5, 'f1-score': 0.5, 'support': 4}
储蓄: {'precision': 0.9, 'recall': 0.6923076923076923, 'f1-score': 0.7826086956521738, 'support': 26}
基金: {'precision': 0.9272727272727272, 'recall': 0.9622641509433962, 'f1-score': 0.9444444444444444, 'support': 53}
保险: {'precision': 0.9130434782608695, 'recall': 0.84, 'f1-score': 0.8749999999999999, 'support': 25}
财经段子: {'precision': 0.6666666666666666, 'recall': 0.5925925925925926, 'f1-score': 0.627450980392157, 'support': 27}
移民: {'precision': 0.825, 'recall': 0.868421052631579, 'f1-score': 0.8461538461538461, 'support': 38}
留学: {'precision': 1.0, 'recall': 0.6923076923076923, 'f1-score': 0.8181818181818181, 'support': 13}
股票-技术面分析: {'precision': 0.9047619047619048, 'recall': 0.8260869565217391, 'f1-score': 0.8636363636363636, 'support': 46}
税务: {'precision': 1.0, 'recall': 0.5454545454545454, 'f1-score': 0.7058823529411764, 'support': 11}
股票-其他: {'precision': 0.6788990825688074, 'recall': 0.7628865979381443, 'f1-score': 0.7184466019417477, 'support': 97}
房产: {'precision': 0.8378378378378378, 'recall': 0.8611111111111112, 'f1-score': 0.8493150684931507, 'support': 36}
股票-行业分析: {'precision': 0.7678571428571429, 'recall': 0.7166666666666667, 'f1-score': 0.7413793103448276, 'support': 60}
外汇: {'precision': 0.6666666666666666, 'recall': 0.5, 'f1-score': 0.5714285714285715, 'support': 4}
股票-基本面分析: {'precision': 0.6, 'recall': 0.5, 'f1-score': 0.5454545454545454, 'support': 18}
其它: {'precision': 0.56, 'recall': 0.5, 'f1-score': 0.5283018867924528, 'support': 28}
loss: 0.166 precision: 0.721 recall: 0.721 f1: 0.721 
time consumption:0.41(min)

epoch:28/100
start evaluate engines...

泛财经: {'precision': 0.38823529411764707, 'recall': 0.559322033898305, 'f1-score': 0.45833333333333326, 'support': 59}
创业: {'precision': 0.64, 'recall': 0.5333333333333333, 'f1-score': 0.5818181818181818, 'support': 30}
美女: {'precision': 1.0, 'recall': 0.6666666666666666, 'f1-score': 0.8, 'support': 6}
鸡汤: {'precision': 0.696969696969697, 'recall': 0.6571428571428571, 'f1-score': 0.676470588235294, 'support': 35}
数字货币: {'precision': 0.5, 'recall': 0.5, 'f1-score': 0.5, 'support': 4}
储蓄: {'precision': 0.9, 'recall': 0.6923076923076923, 'f1-score': 0.7826086956521738, 'support': 26}
基金: {'precision': 0.9272727272727272, 'recall': 0.9622641509433962, 'f1-score': 0.9444444444444444, 'support': 53}
保险: {'precision': 0.9130434782608695, 'recall': 0.84, 'f1-score': 0.8749999999999999, 'support': 25}
财经段子: {'precision': 0.64, 'recall': 0.5925925925925926, 'f1-score': 0.6153846153846153, 'support': 27}
移民: {'precision': 0.825, 'recall': 0.868421052631579, 'f1-score': 0.8461538461538461, 'support': 38}
留学: {'precision': 1.0, 'recall': 0.6923076923076923, 'f1-score': 0.8181818181818181, 'support': 13}
股票-技术面分析: {'precision': 0.8837209302325582, 'recall': 0.8260869565217391, 'f1-score': 0.853932584269663, 'support': 46}
税务: {'precision': 1.0, 'recall': 0.5454545454545454, 'f1-score': 0.7058823529411764, 'support': 11}
股票-其他: {'precision': 0.6822429906542056, 'recall': 0.7525773195876289, 'f1-score': 0.7156862745098038, 'support': 97}
房产: {'precision': 0.8421052631578947, 'recall': 0.8888888888888888, 'f1-score': 0.8648648648648649, 'support': 36}
股票-行业分析: {'precision': 0.7586206896551724, 'recall': 0.7333333333333333, 'f1-score': 0.7457627118644068, 'support': 60}
外汇: {'precision': 0.6666666666666666, 'recall': 0.5, 'f1-score': 0.5714285714285715, 'support': 4}
股票-基本面分析: {'precision': 0.6153846153846154, 'recall': 0.4444444444444444, 'f1-score': 0.5161290322580646, 'support': 18}
其它: {'precision': 0.56, 'recall': 0.5, 'f1-score': 0.5283018867924528, 'support': 28}
loss: 0.167 precision: 0.719 recall: 0.719 f1: 0.719 
time consumption:0.41(min)

epoch:29/100
start evaluate engines...

泛财经: {'precision': 0.4074074074074074, 'recall': 0.559322033898305, 'f1-score': 0.4714285714285714, 'support': 59}
创业: {'precision': 0.64, 'recall': 0.5333333333333333, 'f1-score': 0.5818181818181818, 'support': 30}
美女: {'precision': 1.0, 'recall': 0.6666666666666666, 'f1-score': 0.8, 'support': 6}
鸡汤: {'precision': 0.6764705882352942, 'recall': 0.6571428571428571, 'f1-score': 0.6666666666666666, 'support': 35}
数字货币: {'precision': 0.5, 'recall': 0.5, 'f1-score': 0.5, 'support': 4}
储蓄: {'precision': 0.9047619047619048, 'recall': 0.7307692307692307, 'f1-score': 0.8085106382978723, 'support': 26}
基金: {'precision': 0.9272727272727272, 'recall': 0.9622641509433962, 'f1-score': 0.9444444444444444, 'support': 53}
保险: {'precision': 0.9130434782608695, 'recall': 0.84, 'f1-score': 0.8749999999999999, 'support': 25}
财经段子: {'precision': 0.6666666666666666, 'recall': 0.5925925925925926, 'f1-score': 0.627450980392157, 'support': 27}
移民: {'precision': 0.868421052631579, 'recall': 0.868421052631579, 'f1-score': 0.868421052631579, 'support': 38}
留学: {'precision': 1.0, 'recall': 0.8461538461538461, 'f1-score': 0.9166666666666666, 'support': 13}
股票-技术面分析: {'precision': 0.9047619047619048, 'recall': 0.8260869565217391, 'f1-score': 0.8636363636363636, 'support': 46}
税务: {'precision': 1.0, 'recall': 0.5454545454545454, 'f1-score': 0.7058823529411764, 'support': 11}
股票-其他: {'precision': 0.6851851851851852, 'recall': 0.7628865979381443, 'f1-score': 0.7219512195121952, 'support': 97}
房产: {'precision': 0.8421052631578947, 'recall': 0.8888888888888888, 'f1-score': 0.8648648648648649, 'support': 36}
股票-行业分析: {'precision': 0.7678571428571429, 'recall': 0.7166666666666667, 'f1-score': 0.7413793103448276, 'support': 60}
外汇: {'precision': 0.6666666666666666, 'recall': 0.5, 'f1-score': 0.5714285714285715, 'support': 4}
股票-基本面分析: {'precision': 0.5882352941176471, 'recall': 0.5555555555555556, 'f1-score': 0.5714285714285715, 'support': 18}
其它: {'precision': 0.5384615384615384, 'recall': 0.5, 'f1-score': 0.5185185185185186, 'support': 28}
loss: 0.167 precision: 0.727 recall: 0.727 f1: 0.727 
time consumption:0.42(min)
saved the new best model with f1: 0.727

epoch:30/100
start evaluate engines...

泛财经: {'precision': 0.4177215189873418, 'recall': 0.559322033898305, 'f1-score': 0.4782608695652174, 'support': 59}
创业: {'precision': 0.64, 'recall': 0.5333333333333333, 'f1-score': 0.5818181818181818, 'support': 30}
美女: {'precision': 1.0, 'recall': 0.6666666666666666, 'f1-score': 0.8, 'support': 6}
鸡汤: {'precision': 0.6571428571428571, 'recall': 0.6571428571428571, 'f1-score': 0.6571428571428571, 'support': 35}
数字货币: {'precision': 0.5, 'recall': 0.5, 'f1-score': 0.5, 'support': 4}
储蓄: {'precision': 0.9047619047619048, 'recall': 0.7307692307692307, 'f1-score': 0.8085106382978723, 'support': 26}
基金: {'precision': 0.9272727272727272, 'recall': 0.9622641509433962, 'f1-score': 0.9444444444444444, 'support': 53}
保险: {'precision': 0.9545454545454546, 'recall': 0.84, 'f1-score': 0.8936170212765958, 'support': 25}
财经段子: {'precision': 0.6153846153846154, 'recall': 0.5925925925925926, 'f1-score': 0.6037735849056604, 'support': 27}
移民: {'precision': 0.825, 'recall': 0.868421052631579, 'f1-score': 0.8461538461538461, 'support': 38}
留学: {'precision': 1.0, 'recall': 0.6923076923076923, 'f1-score': 0.8181818181818181, 'support': 13}
股票-技术面分析: {'precision': 0.9047619047619048, 'recall': 0.8260869565217391, 'f1-score': 0.8636363636363636, 'support': 46}
税务: {'precision': 1.0, 'recall': 0.6363636363636364, 'f1-score': 0.7777777777777778, 'support': 11}
股票-其他: {'precision': 0.6915887850467289, 'recall': 0.7628865979381443, 'f1-score': 0.7254901960784315, 'support': 97}
房产: {'precision': 0.8421052631578947, 'recall': 0.8888888888888888, 'f1-score': 0.8648648648648649, 'support': 36}
股票-行业分析: {'precision': 0.7719298245614035, 'recall': 0.7333333333333333, 'f1-score': 0.7521367521367521, 'support': 60}
外汇: {'precision': 0.6666666666666666, 'recall': 0.5, 'f1-score': 0.5714285714285715, 'support': 4}
股票-基本面分析: {'precision': 0.625, 'recall': 0.5555555555555556, 'f1-score': 0.5882352941176471, 'support': 18}
其它: {'precision': 0.5384615384615384, 'recall': 0.5, 'f1-score': 0.5185185185185186, 'support': 28}
loss: 0.168 precision: 0.727 recall: 0.727 f1: 0.727 
time consumption:0.42(min)

epoch:31/100
start evaluate engines...

泛财经: {'precision': 0.4235294117647059, 'recall': 0.6101694915254238, 'f1-score': 0.5, 'support': 59}
创业: {'precision': 0.64, 'recall': 0.5333333333333333, 'f1-score': 0.5818181818181818, 'support': 30}
美女: {'precision': 1.0, 'recall': 0.6666666666666666, 'f1-score': 0.8, 'support': 6}
鸡汤: {'precision': 0.6571428571428571, 'recall': 0.6571428571428571, 'f1-score': 0.6571428571428571, 'support': 35}
数字货币: {'precision': 0.5, 'recall': 0.5, 'f1-score': 0.5, 'support': 4}
储蓄: {'precision': 0.9, 'recall': 0.6923076923076923, 'f1-score': 0.7826086956521738, 'support': 26}
基金: {'precision': 0.9433962264150944, 'recall': 0.9433962264150944, 'f1-score': 0.9433962264150944, 'support': 53}
保险: {'precision': 0.9545454545454546, 'recall': 0.84, 'f1-score': 0.8936170212765958, 'support': 25}
财经段子: {'precision': 0.625, 'recall': 0.5555555555555556, 'f1-score': 0.5882352941176471, 'support': 27}
移民: {'precision': 0.825, 'recall': 0.868421052631579, 'f1-score': 0.8461538461538461, 'support': 38}
留学: {'precision': 1.0, 'recall': 0.6923076923076923, 'f1-score': 0.8181818181818181, 'support': 13}
股票-技术面分析: {'precision': 0.9047619047619048, 'recall': 0.8260869565217391, 'f1-score': 0.8636363636363636, 'support': 46}
税务: {'precision': 1.0, 'recall': 0.6363636363636364, 'f1-score': 0.7777777777777778, 'support': 11}
股票-其他: {'precision': 0.6851851851851852, 'recall': 0.7628865979381443, 'f1-score': 0.7219512195121952, 'support': 97}
房产: {'precision': 0.8421052631578947, 'recall': 0.8888888888888888, 'f1-score': 0.8648648648648649, 'support': 36}
股票-行业分析: {'precision': 0.7818181818181819, 'recall': 0.7166666666666667, 'f1-score': 0.7478260869565218, 'support': 60}
外汇: {'precision': 0.6666666666666666, 'recall': 0.5, 'f1-score': 0.5714285714285715, 'support': 4}
股票-基本面分析: {'precision': 0.625, 'recall': 0.5555555555555556, 'f1-score': 0.5882352941176471, 'support': 18}
其它: {'precision': 0.5384615384615384, 'recall': 0.5, 'f1-score': 0.5185185185185186, 'support': 28}
loss: 0.169 precision: 0.726 recall: 0.726 f1: 0.726 
time consumption:0.41(min)

epoch:32/100
start evaluate engines...

泛财经: {'precision': 0.4166666666666667, 'recall': 0.5932203389830508, 'f1-score': 0.4895104895104895, 'support': 59}
创业: {'precision': 0.6666666666666666, 'recall': 0.6, 'f1-score': 0.631578947368421, 'support': 30}
美女: {'precision': 1.0, 'recall': 0.6666666666666666, 'f1-score': 0.8, 'support': 6}
鸡汤: {'precision': 0.7419354838709677, 'recall': 0.6571428571428571, 'f1-score': 0.6969696969696969, 'support': 35}
数字货币: {'precision': 0.5, 'recall': 0.5, 'f1-score': 0.5, 'support': 4}
储蓄: {'precision': 0.9, 'recall': 0.6923076923076923, 'f1-score': 0.7826086956521738, 'support': 26}
基金: {'precision': 0.9259259259259259, 'recall': 0.9433962264150944, 'f1-score': 0.9345794392523364, 'support': 53}
保险: {'precision': 0.9545454545454546, 'recall': 0.84, 'f1-score': 0.8936170212765958, 'support': 25}
财经段子: {'precision': 0.64, 'recall': 0.5925925925925926, 'f1-score': 0.6153846153846153, 'support': 27}
移民: {'precision': 0.825, 'recall': 0.868421052631579, 'f1-score': 0.8461538461538461, 'support': 38}
留学: {'precision': 1.0, 'recall': 0.6923076923076923, 'f1-score': 0.8181818181818181, 'support': 13}
股票-技术面分析: {'precision': 0.8837209302325582, 'recall': 0.8260869565217391, 'f1-score': 0.853932584269663, 'support': 46}
税务: {'precision': 1.0, 'recall': 0.6363636363636364, 'f1-score': 0.7777777777777778, 'support': 11}
股票-其他: {'precision': 0.6915887850467289, 'recall': 0.7628865979381443, 'f1-score': 0.7254901960784315, 'support': 97}
房产: {'precision': 0.8421052631578947, 'recall': 0.8888888888888888, 'f1-score': 0.8648648648648649, 'support': 36}
股票-行业分析: {'precision': 0.7894736842105263, 'recall': 0.75, 'f1-score': 0.7692307692307692, 'support': 60}
外汇: {'precision': 0.6666666666666666, 'recall': 0.5, 'f1-score': 0.5714285714285715, 'support': 4}
股票-基本面分析: {'precision': 0.6, 'recall': 0.5, 'f1-score': 0.5454545454545454, 'support': 18}
其它: {'precision': 0.5384615384615384, 'recall': 0.5, 'f1-score': 0.5185185185185186, 'support': 28}
loss: 0.170 precision: 0.731 recall: 0.731 f1: 0.731 
time consumption:0.41(min)
saved the new best model with f1: 0.731

epoch:33/100
start evaluate engines...

泛财经: {'precision': 0.42857142857142855, 'recall': 0.6101694915254238, 'f1-score': 0.5034965034965035, 'support': 59}
创业: {'precision': 0.6666666666666666, 'recall': 0.6, 'f1-score': 0.631578947368421, 'support': 30}
美女: {'precision': 1.0, 'recall': 0.6666666666666666, 'f1-score': 0.8, 'support': 6}
鸡汤: {'precision': 0.71875, 'recall': 0.6571428571428571, 'f1-score': 0.6865671641791045, 'support': 35}
数字货币: {'precision': 0.5, 'recall': 0.5, 'f1-score': 0.5, 'support': 4}
储蓄: {'precision': 0.9, 'recall': 0.6923076923076923, 'f1-score': 0.7826086956521738, 'support': 26}
基金: {'precision': 0.9444444444444444, 'recall': 0.9622641509433962, 'f1-score': 0.9532710280373832, 'support': 53}
保险: {'precision': 0.9545454545454546, 'recall': 0.84, 'f1-score': 0.8936170212765958, 'support': 25}
财经段子: {'precision': 0.6153846153846154, 'recall': 0.5925925925925926, 'f1-score': 0.6037735849056604, 'support': 27}
移民: {'precision': 0.868421052631579, 'recall': 0.868421052631579, 'f1-score': 0.868421052631579, 'support': 38}
留学: {'precision': 0.9166666666666666, 'recall': 0.8461538461538461, 'f1-score': 0.8799999999999999, 'support': 13}
股票-技术面分析: {'precision': 0.8636363636363636, 'recall': 0.8260869565217391, 'f1-score': 0.8444444444444444, 'support': 46}
税务: {'precision': 1.0, 'recall': 0.6363636363636364, 'f1-score': 0.7777777777777778, 'support': 11}
股票-其他: {'precision': 0.696078431372549, 'recall': 0.7319587628865979, 'f1-score': 0.71356783919598, 'support': 97}
房产: {'precision': 0.8421052631578947, 'recall': 0.8888888888888888, 'f1-score': 0.8648648648648649, 'support': 36}
股票-行业分析: {'precision': 0.7894736842105263, 'recall': 0.75, 'f1-score': 0.7692307692307692, 'support': 60}
外汇: {'precision': 0.6666666666666666, 'recall': 0.5, 'f1-score': 0.5714285714285715, 'support': 4}
股票-基本面分析: {'precision': 0.625, 'recall': 0.5555555555555556, 'f1-score': 0.5882352941176471, 'support': 18}
其它: {'precision': 0.5384615384615384, 'recall': 0.5, 'f1-score': 0.5185185185185186, 'support': 28}
loss: 0.171 precision: 0.734 recall: 0.734 f1: 0.734 
time consumption:0.43(min)
saved the new best model with f1: 0.734

epoch:34/100
start evaluate engines...

泛财经: {'precision': 0.42857142857142855, 'recall': 0.6101694915254238, 'f1-score': 0.5034965034965035, 'support': 59}
创业: {'precision': 0.6666666666666666, 'recall': 0.6, 'f1-score': 0.631578947368421, 'support': 30}
美女: {'precision': 1.0, 'recall': 0.6666666666666666, 'f1-score': 0.8, 'support': 6}
鸡汤: {'precision': 0.71875, 'recall': 0.6571428571428571, 'f1-score': 0.6865671641791045, 'support': 35}
数字货币: {'precision': 0.5, 'recall': 0.5, 'f1-score': 0.5, 'support': 4}
储蓄: {'precision': 0.9, 'recall': 0.6923076923076923, 'f1-score': 0.7826086956521738, 'support': 26}
基金: {'precision': 0.9444444444444444, 'recall': 0.9622641509433962, 'f1-score': 0.9532710280373832, 'support': 53}
保险: {'precision': 0.9545454545454546, 'recall': 0.84, 'f1-score': 0.8936170212765958, 'support': 25}
财经段子: {'precision': 0.6153846153846154, 'recall': 0.5925925925925926, 'f1-score': 0.6037735849056604, 'support': 27}
移民: {'precision': 0.825, 'recall': 0.868421052631579, 'f1-score': 0.8461538461538461, 'support': 38}
留学: {'precision': 1.0, 'recall': 0.6923076923076923, 'f1-score': 0.8181818181818181, 'support': 13}
股票-技术面分析: {'precision': 0.8636363636363636, 'recall': 0.8260869565217391, 'f1-score': 0.8444444444444444, 'support': 46}
税务: {'precision': 1.0, 'recall': 0.6363636363636364, 'f1-score': 0.7777777777777778, 'support': 11}
股票-其他: {'precision': 0.6990291262135923, 'recall': 0.7422680412371134, 'f1-score': 0.72, 'support': 97}
房产: {'precision': 0.8421052631578947, 'recall': 0.8888888888888888, 'f1-score': 0.8648648648648649, 'support': 36}
股票-行业分析: {'precision': 0.7894736842105263, 'recall': 0.75, 'f1-score': 0.7692307692307692, 'support': 60}
外汇: {'precision': 0.6666666666666666, 'recall': 0.5, 'f1-score': 0.5714285714285715, 'support': 4}
股票-基本面分析: {'precision': 0.625, 'recall': 0.5555555555555556, 'f1-score': 0.5882352941176471, 'support': 18}
其它: {'precision': 0.5384615384615384, 'recall': 0.5, 'f1-score': 0.5185185185185186, 'support': 28}
loss: 0.172 precision: 0.732 recall: 0.732 f1: 0.732 
time consumption:0.44(min)

epoch:35/100
start evaluate engines...

泛财经: {'precision': 0.42168674698795183, 'recall': 0.5932203389830508, 'f1-score': 0.49295774647887325, 'support': 59}
创业: {'precision': 0.6666666666666666, 'recall': 0.6, 'f1-score': 0.631578947368421, 'support': 30}
美女: {'precision': 1.0, 'recall': 0.6666666666666666, 'f1-score': 0.8, 'support': 6}
鸡汤: {'precision': 0.71875, 'recall': 0.6571428571428571, 'f1-score': 0.6865671641791045, 'support': 35}
数字货币: {'precision': 0.5, 'recall': 0.5, 'f1-score': 0.5, 'support': 4}
储蓄: {'precision': 0.9, 'recall': 0.6923076923076923, 'f1-score': 0.7826086956521738, 'support': 26}
基金: {'precision': 0.9444444444444444, 'recall': 0.9622641509433962, 'f1-score': 0.9532710280373832, 'support': 53}
保险: {'precision': 0.9545454545454546, 'recall': 0.84, 'f1-score': 0.8936170212765958, 'support': 25}
财经段子: {'precision': 0.6153846153846154, 'recall': 0.5925925925925926, 'f1-score': 0.6037735849056604, 'support': 27}
移民: {'precision': 0.825, 'recall': 0.868421052631579, 'f1-score': 0.8461538461538461, 'support': 38}
留学: {'precision': 1.0, 'recall': 0.6923076923076923, 'f1-score': 0.8181818181818181, 'support': 13}
股票-技术面分析: {'precision': 0.8444444444444444, 'recall': 0.8260869565217391, 'f1-score': 0.8351648351648352, 'support': 46}
税务: {'precision': 1.0, 'recall': 0.6363636363636364, 'f1-score': 0.7777777777777778, 'support': 11}
股票-其他: {'precision': 0.6792452830188679, 'recall': 0.7422680412371134, 'f1-score': 0.7093596059113301, 'support': 97}
房产: {'precision': 0.8461538461538461, 'recall': 0.9166666666666666, 'f1-score': 0.8799999999999999, 'support': 36}
股票-行业分析: {'precision': 0.7857142857142857, 'recall': 0.7333333333333333, 'f1-score': 0.7586206896551724, 'support': 60}
外汇: {'precision': 0.6666666666666666, 'recall': 0.5, 'f1-score': 0.5714285714285715, 'support': 4}
股票-基本面分析: {'precision': 0.6153846153846154, 'recall': 0.4444444444444444, 'f1-score': 0.5161290322580646, 'support': 18}
其它: {'precision': 0.5384615384615384, 'recall': 0.5, 'f1-score': 0.5185185185185186, 'support': 28}
loss: 0.174 precision: 0.727 recall: 0.727 f1: 0.727 
time consumption:0.42(min)

epoch:36/100
start evaluate engines...

泛财经: {'precision': 0.4166666666666667, 'recall': 0.5932203389830508, 'f1-score': 0.4895104895104895, 'support': 59}
创业: {'precision': 0.6666666666666666, 'recall': 0.6, 'f1-score': 0.631578947368421, 'support': 30}
美女: {'precision': 1.0, 'recall': 0.6666666666666666, 'f1-score': 0.8, 'support': 6}
鸡汤: {'precision': 0.71875, 'recall': 0.6571428571428571, 'f1-score': 0.6865671641791045, 'support': 35}
数字货币: {'precision': 0.5, 'recall': 0.5, 'f1-score': 0.5, 'support': 4}
储蓄: {'precision': 0.9, 'recall': 0.6923076923076923, 'f1-score': 0.7826086956521738, 'support': 26}
基金: {'precision': 0.9444444444444444, 'recall': 0.9622641509433962, 'f1-score': 0.9532710280373832, 'support': 53}
保险: {'precision': 0.9545454545454546, 'recall': 0.84, 'f1-score': 0.8936170212765958, 'support': 25}
财经段子: {'precision': 0.6153846153846154, 'recall': 0.5925925925925926, 'f1-score': 0.6037735849056604, 'support': 27}
移民: {'precision': 0.825, 'recall': 0.868421052631579, 'f1-score': 0.8461538461538461, 'support': 38}
留学: {'precision': 0.9, 'recall': 0.6923076923076923, 'f1-score': 0.7826086956521738, 'support': 13}
股票-技术面分析: {'precision': 0.8636363636363636, 'recall': 0.8260869565217391, 'f1-score': 0.8444444444444444, 'support': 46}
税务: {'precision': 1.0, 'recall': 0.6363636363636364, 'f1-score': 0.7777777777777778, 'support': 11}
股票-其他: {'precision': 0.6826923076923077, 'recall': 0.7319587628865979, 'f1-score': 0.7064676616915424, 'support': 97}
房产: {'precision': 0.8421052631578947, 'recall': 0.8888888888888888, 'f1-score': 0.8648648648648649, 'support': 36}
股票-行业分析: {'precision': 0.7818181818181819, 'recall': 0.7166666666666667, 'f1-score': 0.7478260869565218, 'support': 60}
外汇: {'precision': 0.6666666666666666, 'recall': 0.5, 'f1-score': 0.5714285714285715, 'support': 4}
股票-基本面分析: {'precision': 0.625, 'recall': 0.5555555555555556, 'f1-score': 0.5882352941176471, 'support': 18}
其它: {'precision': 0.5384615384615384, 'recall': 0.5, 'f1-score': 0.5185185185185186, 'support': 28}
loss: 0.174 precision: 0.726 recall: 0.726 f1: 0.726 
time consumption:0.43(min)

epoch:37/100
start evaluate engines...

泛财经: {'precision': 0.4235294117647059, 'recall': 0.6101694915254238, 'f1-score': 0.5, 'support': 59}
创业: {'precision': 0.6538461538461539, 'recall': 0.5666666666666667, 'f1-score': 0.6071428571428571, 'support': 30}
美女: {'precision': 1.0, 'recall': 0.6666666666666666, 'f1-score': 0.8, 'support': 6}
鸡汤: {'precision': 0.696969696969697, 'recall': 0.6571428571428571, 'f1-score': 0.676470588235294, 'support': 35}
数字货币: {'precision': 0.5, 'recall': 0.5, 'f1-score': 0.5, 'support': 4}
储蓄: {'precision': 0.9, 'recall': 0.6923076923076923, 'f1-score': 0.7826086956521738, 'support': 26}
基金: {'precision': 0.9444444444444444, 'recall': 0.9622641509433962, 'f1-score': 0.9532710280373832, 'support': 53}
保险: {'precision': 0.9545454545454546, 'recall': 0.84, 'f1-score': 0.8936170212765958, 'support': 25}
财经段子: {'precision': 0.6153846153846154, 'recall': 0.5925925925925926, 'f1-score': 0.6037735849056604, 'support': 27}
移民: {'precision': 0.825, 'recall': 0.868421052631579, 'f1-score': 0.8461538461538461, 'support': 38}
留学: {'precision': 0.9, 'recall': 0.6923076923076923, 'f1-score': 0.7826086956521738, 'support': 13}
股票-技术面分析: {'precision': 0.8636363636363636, 'recall': 0.8260869565217391, 'f1-score': 0.8444444444444444, 'support': 46}
税务: {'precision': 1.0, 'recall': 0.6363636363636364, 'f1-score': 0.7777777777777778, 'support': 11}
股票-其他: {'precision': 0.6893203883495146, 'recall': 0.7319587628865979, 'f1-score': 0.7100000000000001, 'support': 97}
房产: {'precision': 0.8421052631578947, 'recall': 0.8888888888888888, 'f1-score': 0.8648648648648649, 'support': 36}
股票-行业分析: {'precision': 0.7678571428571429, 'recall': 0.7166666666666667, 'f1-score': 0.7413793103448276, 'support': 60}
外汇: {'precision': 0.6666666666666666, 'recall': 0.5, 'f1-score': 0.5714285714285715, 'support': 4}
股票-基本面分析: {'precision': 0.6666666666666666, 'recall': 0.5555555555555556, 'f1-score': 0.606060606060606, 'support': 18}
其它: {'precision': 0.5384615384615384, 'recall': 0.5, 'f1-score': 0.5185185185185186, 'support': 28}
loss: 0.175 precision: 0.726 recall: 0.726 f1: 0.726 
time consumption:0.42(min)

epoch:38/100
start evaluate engines...

泛财经: {'precision': 0.42857142857142855, 'recall': 0.6101694915254238, 'f1-score': 0.5034965034965035, 'support': 59}
创业: {'precision': 0.6538461538461539, 'recall': 0.5666666666666667, 'f1-score': 0.6071428571428571, 'support': 30}
美女: {'precision': 1.0, 'recall': 0.6666666666666666, 'f1-score': 0.8, 'support': 6}
鸡汤: {'precision': 0.696969696969697, 'recall': 0.6571428571428571, 'f1-score': 0.676470588235294, 'support': 35}
数字货币: {'precision': 0.5, 'recall': 0.5, 'f1-score': 0.5, 'support': 4}
储蓄: {'precision': 0.9, 'recall': 0.6923076923076923, 'f1-score': 0.7826086956521738, 'support': 26}
基金: {'precision': 0.9444444444444444, 'recall': 0.9622641509433962, 'f1-score': 0.9532710280373832, 'support': 53}
保险: {'precision': 0.9545454545454546, 'recall': 0.84, 'f1-score': 0.8936170212765958, 'support': 25}
财经段子: {'precision': 0.6153846153846154, 'recall': 0.5925925925925926, 'f1-score': 0.6037735849056604, 'support': 27}
移民: {'precision': 0.825, 'recall': 0.868421052631579, 'f1-score': 0.8461538461538461, 'support': 38}
留学: {'precision': 1.0, 'recall': 0.6923076923076923, 'f1-score': 0.8181818181818181, 'support': 13}
股票-技术面分析: {'precision': 0.8636363636363636, 'recall': 0.8260869565217391, 'f1-score': 0.8444444444444444, 'support': 46}
税务: {'precision': 1.0, 'recall': 0.6363636363636364, 'f1-score': 0.7777777777777778, 'support': 11}
股票-其他: {'precision': 0.6952380952380952, 'recall': 0.7525773195876289, 'f1-score': 0.7227722772277226, 'support': 97}
房产: {'precision': 0.8421052631578947, 'recall': 0.8888888888888888, 'f1-score': 0.8648648648648649, 'support': 36}
股票-行业分析: {'precision': 0.7719298245614035, 'recall': 0.7333333333333333, 'f1-score': 0.7521367521367521, 'support': 60}
外汇: {'precision': 0.6666666666666666, 'recall': 0.5, 'f1-score': 0.5714285714285715, 'support': 4}
股票-基本面分析: {'precision': 0.6428571428571429, 'recall': 0.5, 'f1-score': 0.5625000000000001, 'support': 18}
其它: {'precision': 0.5384615384615384, 'recall': 0.5, 'f1-score': 0.5185185185185186, 'support': 28}
loss: 0.176 precision: 0.729 recall: 0.729 f1: 0.729 
time consumption:0.43(min)

epoch:39/100
start evaluate engines...

泛财经: {'precision': 0.42528735632183906, 'recall': 0.6271186440677966, 'f1-score': 0.5068493150684932, 'support': 59}
创业: {'precision': 0.64, 'recall': 0.5333333333333333, 'f1-score': 0.5818181818181818, 'support': 30}
美女: {'precision': 1.0, 'recall': 0.6666666666666666, 'f1-score': 0.8, 'support': 6}
鸡汤: {'precision': 0.696969696969697, 'recall': 0.6571428571428571, 'f1-score': 0.676470588235294, 'support': 35}
数字货币: {'precision': 0.5, 'recall': 0.5, 'f1-score': 0.5, 'support': 4}
储蓄: {'precision': 0.8571428571428571, 'recall': 0.6923076923076923, 'f1-score': 0.7659574468085107, 'support': 26}
基金: {'precision': 0.9444444444444444, 'recall': 0.9622641509433962, 'f1-score': 0.9532710280373832, 'support': 53}
保险: {'precision': 0.9545454545454546, 'recall': 0.84, 'f1-score': 0.8936170212765958, 'support': 25}
财经段子: {'precision': 0.6, 'recall': 0.5555555555555556, 'f1-score': 0.576923076923077, 'support': 27}
移民: {'precision': 0.825, 'recall': 0.868421052631579, 'f1-score': 0.8461538461538461, 'support': 38}
留学: {'precision': 1.0, 'recall': 0.6923076923076923, 'f1-score': 0.8181818181818181, 'support': 13}
股票-技术面分析: {'precision': 0.8636363636363636, 'recall': 0.8260869565217391, 'f1-score': 0.8444444444444444, 'support': 46}
税务: {'precision': 1.0, 'recall': 0.5454545454545454, 'f1-score': 0.7058823529411764, 'support': 11}
股票-其他: {'precision': 0.6915887850467289, 'recall': 0.7628865979381443, 'f1-score': 0.7254901960784315, 'support': 97}
房产: {'precision': 0.8421052631578947, 'recall': 0.8888888888888888, 'f1-score': 0.8648648648648649, 'support': 36}
股票-行业分析: {'precision': 0.7678571428571429, 'recall': 0.7166666666666667, 'f1-score': 0.7413793103448276, 'support': 60}
外汇: {'precision': 0.6666666666666666, 'recall': 0.5, 'f1-score': 0.5714285714285715, 'support': 4}
股票-基本面分析: {'precision': 0.6428571428571429, 'recall': 0.5, 'f1-score': 0.5625000000000001, 'support': 18}
其它: {'precision': 0.5833333333333334, 'recall': 0.5, 'f1-score': 0.5384615384615384, 'support': 28}
loss: 0.177 precision: 0.726 recall: 0.726 f1: 0.726 
time consumption:0.43(min)

epoch:40/100
start evaluate engines...

泛财经: {'precision': 0.44047619047619047, 'recall': 0.6271186440677966, 'f1-score': 0.5174825174825175, 'support': 59}
创业: {'precision': 0.6666666666666666, 'recall': 0.6, 'f1-score': 0.631578947368421, 'support': 30}
美女: {'precision': 1.0, 'recall': 0.6666666666666666, 'f1-score': 0.8, 'support': 6}
鸡汤: {'precision': 0.71875, 'recall': 0.6571428571428571, 'f1-score': 0.6865671641791045, 'support': 35}
数字货币: {'precision': 0.5, 'recall': 0.5, 'f1-score': 0.5, 'support': 4}
储蓄: {'precision': 0.8636363636363636, 'recall': 0.7307692307692307, 'f1-score': 0.7916666666666666, 'support': 26}
基金: {'precision': 0.9444444444444444, 'recall': 0.9622641509433962, 'f1-score': 0.9532710280373832, 'support': 53}
保险: {'precision': 0.9545454545454546, 'recall': 0.84, 'f1-score': 0.8936170212765958, 'support': 25}
财经段子: {'precision': 0.5925925925925926, 'recall': 0.5925925925925926, 'f1-score': 0.5925925925925926, 'support': 27}
移民: {'precision': 0.8461538461538461, 'recall': 0.868421052631579, 'f1-score': 0.8571428571428572, 'support': 38}
留学: {'precision': 0.9090909090909091, 'recall': 0.7692307692307693, 'f1-score': 0.8333333333333333, 'support': 13}
股票-技术面分析: {'precision': 0.8444444444444444, 'recall': 0.8260869565217391, 'f1-score': 0.8351648351648352, 'support': 46}
税务: {'precision': 1.0, 'recall': 0.5454545454545454, 'f1-score': 0.7058823529411764, 'support': 11}
股票-其他: {'precision': 0.6893203883495146, 'recall': 0.7319587628865979, 'f1-score': 0.7100000000000001, 'support': 97}
房产: {'precision': 0.8421052631578947, 'recall': 0.8888888888888888, 'f1-score': 0.8648648648648649, 'support': 36}
股票-行业分析: {'precision': 0.7719298245614035, 'recall': 0.7333333333333333, 'f1-score': 0.7521367521367521, 'support': 60}
外汇: {'precision': 0.6666666666666666, 'recall': 0.5, 'f1-score': 0.5714285714285715, 'support': 4}
股票-基本面分析: {'precision': 0.6428571428571429, 'recall': 0.5, 'f1-score': 0.5625000000000001, 'support': 18}
其它: {'precision': 0.5833333333333334, 'recall': 0.5, 'f1-score': 0.5384615384615384, 'support': 28}
loss: 0.177 precision: 0.731 recall: 0.731 f1: 0.731 
time consumption:0.41(min)

epoch:41/100
start evaluate engines...

泛财经: {'precision': 0.43209876543209874, 'recall': 0.5932203389830508, 'f1-score': 0.5, 'support': 59}
创业: {'precision': 0.64, 'recall': 0.5333333333333333, 'f1-score': 0.5818181818181818, 'support': 30}
美女: {'precision': 1.0, 'recall': 0.6666666666666666, 'f1-score': 0.8, 'support': 6}
鸡汤: {'precision': 0.6571428571428571, 'recall': 0.6571428571428571, 'f1-score': 0.6571428571428571, 'support': 35}
数字货币: {'precision': 0.5, 'recall': 0.5, 'f1-score': 0.5, 'support': 4}
储蓄: {'precision': 0.8636363636363636, 'recall': 0.7307692307692307, 'f1-score': 0.7916666666666666, 'support': 26}
基金: {'precision': 0.9444444444444444, 'recall': 0.9622641509433962, 'f1-score': 0.9532710280373832, 'support': 53}
保险: {'precision': 0.9545454545454546, 'recall': 0.84, 'f1-score': 0.8936170212765958, 'support': 25}
财经段子: {'precision': 0.6153846153846154, 'recall': 0.5925925925925926, 'f1-score': 0.6037735849056604, 'support': 27}
移民: {'precision': 0.868421052631579, 'recall': 0.868421052631579, 'f1-score': 0.868421052631579, 'support': 38}
留学: {'precision': 0.9166666666666666, 'recall': 0.8461538461538461, 'f1-score': 0.8799999999999999, 'support': 13}
股票-技术面分析: {'precision': 0.8444444444444444, 'recall': 0.8260869565217391, 'f1-score': 0.8351648351648352, 'support': 46}
税务: {'precision': 1.0, 'recall': 0.5454545454545454, 'f1-score': 0.7058823529411764, 'support': 11}
股票-其他: {'precision': 0.6826923076923077, 'recall': 0.7319587628865979, 'f1-score': 0.7064676616915424, 'support': 97}
房产: {'precision': 0.8421052631578947, 'recall': 0.8888888888888888, 'f1-score': 0.8648648648648649, 'support': 36}
股票-行业分析: {'precision': 0.7719298245614035, 'recall': 0.7333333333333333, 'f1-score': 0.7521367521367521, 'support': 60}
外汇: {'precision': 0.6666666666666666, 'recall': 0.5, 'f1-score': 0.5714285714285715, 'support': 4}
股票-基本面分析: {'precision': 0.6428571428571429, 'recall': 0.5, 'f1-score': 0.5625000000000001, 'support': 18}
其它: {'precision': 0.5769230769230769, 'recall': 0.5357142857142857, 'f1-score': 0.5555555555555555, 'support': 28}
loss: 0.178 precision: 0.727 recall: 0.727 f1: 0.727 
time consumption:0.41(min)

epoch:42/100
start evaluate engines...

泛财经: {'precision': 0.4146341463414634, 'recall': 0.576271186440678, 'f1-score': 0.4822695035460993, 'support': 59}
创业: {'precision': 0.64, 'recall': 0.5333333333333333, 'f1-score': 0.5818181818181818, 'support': 30}
美女: {'precision': 1.0, 'recall': 0.6666666666666666, 'f1-score': 0.8, 'support': 6}
鸡汤: {'precision': 0.696969696969697, 'recall': 0.6571428571428571, 'f1-score': 0.676470588235294, 'support': 35}
数字货币: {'precision': 0.5, 'recall': 0.5, 'f1-score': 0.5, 'support': 4}
储蓄: {'precision': 0.8571428571428571, 'recall': 0.6923076923076923, 'f1-score': 0.7659574468085107, 'support': 26}
基金: {'precision': 0.9423076923076923, 'recall': 0.9245283018867925, 'f1-score': 0.9333333333333333, 'support': 53}
保险: {'precision': 0.9545454545454546, 'recall': 0.84, 'f1-score': 0.8936170212765958, 'support': 25}
财经段子: {'precision': 0.6153846153846154, 'recall': 0.5925925925925926, 'f1-score': 0.6037735849056604, 'support': 27}
移民: {'precision': 0.868421052631579, 'recall': 0.868421052631579, 'f1-score': 0.868421052631579, 'support': 38}
留学: {'precision': 0.9166666666666666, 'recall': 0.8461538461538461, 'f1-score': 0.8799999999999999, 'support': 13}
股票-技术面分析: {'precision': 0.8604651162790697, 'recall': 0.8043478260869565, 'f1-score': 0.8314606741573034, 'support': 46}
税务: {'precision': 1.0, 'recall': 0.5454545454545454, 'f1-score': 0.7058823529411764, 'support': 11}
股票-其他: {'precision': 0.6635514018691588, 'recall': 0.7319587628865979, 'f1-score': 0.6960784313725489, 'support': 97}
房产: {'precision': 0.8205128205128205, 'recall': 0.8888888888888888, 'f1-score': 0.8533333333333333, 'support': 36}
股票-行业分析: {'precision': 0.7719298245614035, 'recall': 0.7333333333333333, 'f1-score': 0.7521367521367521, 'support': 60}
外汇: {'precision': 0.6666666666666666, 'recall': 0.5, 'f1-score': 0.5714285714285715, 'support': 4}
股票-基本面分析: {'precision': 0.6666666666666666, 'recall': 0.5555555555555556, 'f1-score': 0.606060606060606, 'support': 18}
其它: {'precision': 0.5925925925925926, 'recall': 0.5714285714285714, 'f1-score': 0.5818181818181818, 'support': 28}
loss: 0.178 precision: 0.722 recall: 0.722 f1: 0.722 
time consumption:0.43(min)

epoch:43/100
start evaluate engines...

泛财经: {'precision': 0.4146341463414634, 'recall': 0.576271186440678, 'f1-score': 0.4822695035460993, 'support': 59}
创业: {'precision': 0.6538461538461539, 'recall': 0.5666666666666667, 'f1-score': 0.6071428571428571, 'support': 30}
美女: {'precision': 1.0, 'recall': 0.6666666666666666, 'f1-score': 0.8, 'support': 6}
鸡汤: {'precision': 0.7419354838709677, 'recall': 0.6571428571428571, 'f1-score': 0.6969696969696969, 'support': 35}
数字货币: {'precision': 0.5, 'recall': 0.5, 'f1-score': 0.5, 'support': 4}
储蓄: {'precision': 0.8571428571428571, 'recall': 0.6923076923076923, 'f1-score': 0.7659574468085107, 'support': 26}
基金: {'precision': 0.9433962264150944, 'recall': 0.9433962264150944, 'f1-score': 0.9433962264150944, 'support': 53}
保险: {'precision': 0.9545454545454546, 'recall': 0.84, 'f1-score': 0.8936170212765958, 'support': 25}
财经段子: {'precision': 0.6153846153846154, 'recall': 0.5925925925925926, 'f1-score': 0.6037735849056604, 'support': 27}
移民: {'precision': 0.8461538461538461, 'recall': 0.868421052631579, 'f1-score': 0.8571428571428572, 'support': 38}
留学: {'precision': 0.9090909090909091, 'recall': 0.7692307692307693, 'f1-score': 0.8333333333333333, 'support': 13}
股票-技术面分析: {'precision': 0.8636363636363636, 'recall': 0.8260869565217391, 'f1-score': 0.8444444444444444, 'support': 46}
税务: {'precision': 1.0, 'recall': 0.5454545454545454, 'f1-score': 0.7058823529411764, 'support': 11}
股票-其他: {'precision': 0.6761904761904762, 'recall': 0.7319587628865979, 'f1-score': 0.702970297029703, 'support': 97}
房产: {'precision': 0.825, 'recall': 0.9166666666666666, 'f1-score': 0.8684210526315789, 'support': 36}
股票-行业分析: {'precision': 0.7719298245614035, 'recall': 0.7333333333333333, 'f1-score': 0.7521367521367521, 'support': 60}
外汇: {'precision': 0.6666666666666666, 'recall': 0.5, 'f1-score': 0.5714285714285715, 'support': 4}
股票-基本面分析: {'precision': 0.7142857142857143, 'recall': 0.5555555555555556, 'f1-score': 0.6250000000000001, 'support': 18}
其它: {'precision': 0.5714285714285714, 'recall': 0.5714285714285714, 'f1-score': 0.5714285714285714, 'support': 28}
loss: 0.179 precision: 0.727 recall: 0.727 f1: 0.727 
time consumption:0.45(min)
early stopped, no progress obtained within 10 epochs
overall best f1 is 0.7337662337662337 at 33 epoch
total training time consumption: 18.328(min)
